п»ҝwrote reports/auto_reports\poly2_iv_report.html
wrote reports/auto_reports\projectile_report.html
wrote reports/auto_reports\rc_step_report.html
wrote reports/auto_reports\exp1_report.html
wrote reports/auto_reports\exp1_report.html
wrote reports/auto_reports\power_report.html
wrote reports/auto_reports\power_report.html
wrote reports/auto_reports\hooke_report.html
wrote reports/auto_reports\hooke_report.html
wrote reports/auto_reports\hooke_report.html
wrote reports/auto_reports\hooke_report.html
wrote reports/auto_reports\ohm_report.html
wrote reports/auto_reports\ohm_report.html
wrote reports/auto_reports\poly2_report.html
wrote reports/auto_reports\poly2_report.html
wrote reports/auto_reports\poly2_iv_report.html
wrote reports/auto_reports\poly2_iv_report.html
wrote reports/auto_reports\power_report.html
wrote reports/auto_reports\power_report.html
wrote reports/auto_reports\projectile_report.html
wrote reports/auto_reports\rc_step_report.html
wrote reports/auto_reports\rc_step_report.html
wrote reports/auto_reports\exp1_report.html
wrote reports/auto_reports\exp1_report.html
wrote reports/auto_reports\cand_1_report.html
Found 26 patterns to report
Generating report for poly2_iv О“ГҘГҶ reports/auto_reports\poly2_iv_report.html
Generating report for projectile О“ГҘГҶ reports/auto_reports\projectile_report.html
Generating report for rc_step О“ГҘГҶ reports/auto_reports\rc_step_report.html
Generating report for exp1 О“ГҘГҶ reports/auto_reports\exp1_report.html
Generating report for exp1 О“ГҘГҶ reports/auto_reports\exp1_report.html
Generating report for power О“ГҘГҶ reports/auto_reports\power_report.html
Generating report for power О“ГҘГҶ reports/auto_reports\power_report.html
Generating report for hooke О“ГҘГҶ reports/auto_reports\hooke_report.html
Generating report for hooke О“ГҘГҶ reports/auto_reports\hooke_report.html
Generating report for hooke О“ГҘГҶ reports/auto_reports\hooke_report.html
Generating report for hooke О“ГҘГҶ reports/auto_reports\hooke_report.html
Generating report for ohm О“ГҘГҶ reports/auto_reports\ohm_report.html
Generating report for ohm О“ГҘГҶ reports/auto_reports\ohm_report.html
Generating report for poly2 О“ГҘГҶ reports/auto_reports\poly2_report.html
Generating report for poly2 О“ГҘГҶ reports/auto_reports\poly2_report.html
Generating report for poly2_iv О“ГҘГҶ reports/auto_reports\poly2_iv_report.html
Generating report for poly2_iv О“ГҘГҶ reports/auto_reports\poly2_iv_report.html
Generating report for power О“ГҘГҶ reports/auto_reports\power_report.html
Generating report for power О“ГҘГҶ reports/auto_reports\power_report.html
Generating report for projectile О“ГҘГҶ reports/auto_reports\projectile_report.html
Generating report for rc_step О“ГҘГҶ reports/auto_reports\rc_step_report.html
Generating report for rc_step О“ГҘГҶ reports/auto_reports\rc_step_report.html
Generating report for exp1 О“ГҘГҶ reports/auto_reports\exp1_report.html
Generating report for exp1 О“ГҘГҶ reports/auto_reports\exp1_report.html
Generating report for cand_1 О“ГҘГҶ reports/auto_reports\cand_1_report.html

Completed all reports at 2025-10-24 22:54:09
Saved under: reports/auto_reports
[system_report] Exercising solvers...
[system_report] Solvers OK: 4/4 (100.0%)
[system_report] Running unit tests (discovery: tests/)...
вүЎЖ’Г¶Г¬ в”ҳГ в•Әв•Јв•ӘВәв”ҳГӨв•ӘВјв•ӘвҢҗ в”ҳГ в•Әв”Өв”ҳГўв”ҳГӨв•ӘвҢҗ: в•ӘВЎв”ҳГӨ в”ҳГ в•Әв•Јв•ӘВәв•ӘВ»в”ҳГӨв•ӘвҢҗ в•ӘВ¬в”ҳГјв•ӘВәв•Әв•ўв”ҳГӨв”ҳГЁв•ӘвҢҗ...
вүЎЖ’Г¶Г¬ в”ҳГ в•Әв•Јв•ӘВәв”ҳГӨв•ӘВјв•ӘвҢҗ в”ҳГ в•Әв”Өв”ҳГўв”ҳГӨв•ӘвҢҗ: в•ӘВәв•ӘВ«в•ӘВ¬в•ӘВҝв•ӘВәв•Әв–’ в•ӘВәв”ҳГӨв•ӘВ¬в•Әв”Өв•ӘВәв•ӘВҝв”ҳГ§ 123...
вүЎЖ’Г¶Г¬ в”ҳГ в•Әв•Јв•ӘВәв”ҳГӨв•ӘВјв•ӘвҢҗ в”ҳГ в•Әв”Өв”ҳГўв”ҳГӨв•ӘвҢҗ: в•ӘВәв•ӘВ«в•ӘВ¬в•ӘВҝв•ӘВәв•Әв–’ в•ӘВәв”ҳГӨв•ӘВ¬в•Әв”Өв•ӘВәв•ӘВҝв”ҳГ§ 123...
Smoke output: {'diagnosis': {'gaps': [], 'constraints': {}, 'suggested_task': 'predict_y'}, 'candidates': [{'id': 'cand_1', 'expr': 'a0*x + b0', 'complexity': 1.0, 'novelty': 0.0}, {'id': 'cand_2', 'expr': 'a1*x + b1', 'complexity': 1.5, 'novelty': 0.1}, {'id': 'cand_3', 'expr': 'a2*x + b2', 'complexity': 2.0, 'novelty': 0.2}], 'winner': {'candidate': {'id': 'cand_1', 'expr': 'a0*x + b0', 'complexity': 1.0, 'novelty': 0.0}, 'metrics': {'rmse': 0.1, 'bic': 68.0, 'ece': 0.07500000000000001, 'stability': 0.5}, 'params': {'a': 0.1, 'b': 0.0}, 'ci': {'lower_mean': 0.0, 'upper_mean': 0.0, 'alpha': 0.05}, 'score': -13.517500000000002}, 'promoted': {'promoted': False}}
[system_report] Tests run: 104, failures: 0, errors: 0, skipped: 1
[system_report] Wrote reports\system_report.json
Found 0 patterns to report

Completed all reports at 2025-10-24 22:58:02
Saved under: reports/auto_reports
[system_report] Exercising solvers...
[system_report] Solvers OK: 4/4 (100.0%)
[system_report] Running unit tests (discovery: tests/)...
вүЎЖ’Г¶Г¬ в”ҳГ в•Әв•Јв•ӘВәв”ҳГӨв•ӘВјв•ӘвҢҗ в”ҳГ в•Әв”Өв”ҳГўв”ҳГӨв•ӘвҢҗ: в•ӘВЎв”ҳГӨ в”ҳГ в•Әв•Јв•ӘВәв•ӘВ»в”ҳГӨв•ӘвҢҗ в•ӘВ¬в”ҳГјв•ӘВәв•Әв•ўв”ҳГӨв”ҳГЁв•ӘвҢҗ...
вүЎЖ’Г¶Г¬ в”ҳГ в•Әв•Јв•ӘВәв”ҳГӨв•ӘВјв•ӘвҢҗ в”ҳГ в•Әв”Өв”ҳГўв”ҳГӨв•ӘвҢҗ: в•ӘВәв•ӘВ«в•ӘВ¬в•ӘВҝв•ӘВәв•Әв–’ в•ӘВәв”ҳГӨв•ӘВ¬в•Әв”Өв•ӘВәв•ӘВҝв”ҳГ§ 123...
вүЎЖ’Г¶Г¬ в”ҳГ в•Әв•Јв•ӘВәв”ҳГӨв•ӘВјв•ӘвҢҗ в”ҳГ в•Әв”Өв”ҳГўв”ҳГӨв•ӘвҢҗ: в•ӘВәв•ӘВ«в•ӘВ¬в•ӘВҝв•ӘВәв•Әв–’ в•ӘВәв”ҳГӨв•ӘВ¬в•Әв”Өв•ӘВәв•ӘВҝв”ҳГ§ 123...
Smoke output: {'diagnosis': {'gaps': ['insufficient_patterns'], 'constraints': {}, 'suggested_task': 'predict_y'}, 'candidates': [{'id': 'cand_1', 'expr': 'a0*x + b0', 'complexity': 1.0, 'novelty': 0.0}, {'id': 'cand_2', 'expr': 'a1*x + b1', 'complexity': 1.5, 'novelty': 0.1}, {'id': 'cand_3', 'expr': 'a2*x + b2', 'complexity': 2.0, 'novelty': 0.2}], 'winner': {'candidate': {'id': 'cand_1', 'expr': 'a0*x + b0', 'complexity': 1.0, 'novelty': 0.0}, 'metrics': {'rmse': 0.1, 'bic': 68.0, 'ece': 0.07500000000000001, 'stability': 0.5}, 'params': {'a': 0.1, 'b': 0.0}, 'ci': {'lower_mean': 0.0, 'upper_mean': 0.0, 'alpha': 0.05}, 'score': -13.517500000000002}, 'promoted': {'promoted': False}}
[system_report] Tests run: 104, failures: 0, errors: 0, skipped: 1
[system_report] Wrote reports\system_report.json
Appended entry to D:\AGL\Knowledge_Base\Learned_Patterns.json:
{
  "type": "rc_step",
  "tau": 37.2275,
  "a": -0.0268618457,
  "V0": 2.3955,
  "source": "D:/AGL/artifacts/models/rc_D/results.json"
}
Self-Optimization complete
KB version: G.1
Patterns: 1
Weights: {'mathematical_brain': 0.5, 'quantum_processor': 0.425, 'code_generator': 0.45, 'protocol_designer': 0.4}
[feat/new-engines 9b82006] UX: Inject Blended badge + add ensemble_summary.html (Meta-Ensembler)
 33 files changed, 14 insertions(+), 14 deletions(-)
О“ВЈГ  Injected 'Blended' badge into 3 HTML files.
О“ВЈГ  wrote reports\ensemble_summary.html
О“ВЈГ  manifest updated О“ГҘГҶ reports/report_manifest.json
Committed changes (if any).
No validation CSVs found under data/validation О“ГҮГ¶ nothing to train.
Running self_optimization to refresh fusion_weights...
> .venv\Scripts\python.exe scripts/self_optimize.py --out reports/self_optimization
Regenerating ensemble summary and manifest...
> .venv\Scripts\python.exe scripts/inject_blended_and_summary.py
Done. Review reports/self_optimization/self_optimization.json and reports/ensemble_summary.html
Entry for source D:/AGL/artifacts/models/rc_D/results.json already exists in KB. Skipping append.
Entry for source D:/AGL/artifacts/models/rc_D/results.json already exists in KB. Skipping append.
Entry for source D:/AGL/artifacts/models/rc_D/results.json already exists in KB. Skipping append.
Found 1 patterns to report

Completed all reports at 2025-10-24 23:38:39
Saved under: reports/auto_reports
[system_report] Exercising solvers...
[system_report] Solvers OK: 4/4 (100.0%)
[system_report] Running unit tests (discovery: tests/)...
вүЎЖ’Г¶Г¬ в”ҳГ в•Әв•Јв•ӘВәв”ҳГӨв•ӘВјв•ӘвҢҗ в”ҳГ в•Әв”Өв”ҳГўв”ҳГӨв•ӘвҢҗ: в•ӘВЎв”ҳГӨ в”ҳГ в•Әв•Јв•ӘВәв•ӘВ»в”ҳГӨв•ӘвҢҗ в•ӘВ¬в”ҳГјв•ӘВәв•Әв•ўв”ҳГӨв”ҳГЁв•ӘвҢҗ...
вүЎЖ’Г¶Г¬ в”ҳГ в•Әв•Јв•ӘВәв”ҳГӨв•ӘВјв•ӘвҢҗ в”ҳГ в•Әв”Өв”ҳГўв”ҳГӨв•ӘвҢҗ: в•ӘВәв•ӘВ«в•ӘВ¬в•ӘВҝв•ӘВәв•Әв–’ в•ӘВәв”ҳГӨв•ӘВ¬в•Әв”Өв•ӘВәв•ӘВҝв”ҳГ§ 123...
вүЎЖ’Г¶Г¬ в”ҳГ в•Әв•Јв•ӘВәв”ҳГӨв•ӘВјв•ӘвҢҗ в”ҳГ в•Әв”Өв”ҳГўв”ҳГӨв•ӘвҢҗ: в•ӘВәв•ӘВ«в•ӘВ¬в•ӘВҝв•ӘВәв•Әв–’ в•ӘВәв”ҳГӨв•ӘВ¬в•Әв”Өв•ӘВәв•ӘВҝв”ҳГ§ 123...
Smoke output: {'diagnosis': {'gaps': ['insufficient_patterns'], 'constraints': {}, 'suggested_task': 'predict_y'}, 'candidates': [{'id': 'cand_1', 'expr': 'a0*x + b0', 'complexity': 1.0, 'novelty': 0.0}, {'id': 'cand_2', 'expr': 'a1*x + b1', 'complexity': 1.5, 'novelty': 0.1}, {'id': 'cand_3', 'expr': 'a2*x + b2', 'complexity': 2.0, 'novelty': 0.2}], 'winner': {'candidate': {'id': 'cand_1', 'expr': 'a0*x + b0', 'complexity': 1.0, 'novelty': 0.0}, 'metrics': {'rmse': 0.1, 'bic': 68.0, 'ece': 0.07500000000000001, 'stability': 0.5}, 'params': {'a': 0.1, 'b': 0.0}, 'ci': {'lower_mean': 0.0, 'upper_mean': 0.0, 'alpha': 0.05}, 'score': -13.517500000000002}, 'promoted': {'promoted': False}}
[system_report] Tests run: 104, failures: 3, errors: 3, skipped: 1
[system_report] Wrote reports\system_report.json
Found 0 patterns to report

Completed all reports at 2025-10-24 23:40:26
Saved under: reports/auto_reports
[system_report] Exercising solvers...
[system_report] Solvers OK: 4/4 (100.0%)
[system_report] Running unit tests (discovery: tests/)...
вүЎЖ’Г¶Г¬ в”ҳГ в•Әв•Јв•ӘВәв”ҳГӨв•ӘВјв•ӘвҢҗ в”ҳГ в•Әв”Өв”ҳГўв”ҳГӨв•ӘвҢҗ: в•ӘВЎв”ҳГӨ в”ҳГ в•Әв•Јв•ӘВәв•ӘВ»в”ҳГӨв•ӘвҢҗ в•ӘВ¬в”ҳГјв•ӘВәв•Әв•ўв”ҳГӨв”ҳГЁв•ӘвҢҗ...
вүЎЖ’Г¶Г¬ в”ҳГ в•Әв•Јв•ӘВәв”ҳГӨв•ӘВјв•ӘвҢҗ в”ҳГ в•Әв”Өв”ҳГўв”ҳГӨв•ӘвҢҗ: в•ӘВәв•ӘВ«в•ӘВ¬в•ӘВҝв•ӘВәв•Әв–’ в•ӘВәв”ҳГӨв•ӘВ¬в•Әв”Өв•ӘВәв•ӘВҝв”ҳГ§ 123...
вүЎЖ’Г¶Г¬ в”ҳГ в•Әв•Јв•ӘВәв”ҳГӨв•ӘВјв•ӘвҢҗ в”ҳГ в•Әв”Өв”ҳГўв”ҳГӨв•ӘвҢҗ: в•ӘВәв•ӘВ«в•ӘВ¬в•ӘВҝв•ӘВәв•Әв–’ в•ӘВәв”ҳГӨв•ӘВ¬в•Әв”Өв•ӘВәв•ӘВҝв”ҳГ§ 123...
Smoke output: {'diagnosis': {'gaps': ['insufficient_patterns'], 'constraints': {}, 'suggested_task': 'predict_y'}, 'candidates': [{'id': 'cand_1', 'expr': 'a0*x + b0', 'complexity': 1.0, 'novelty': 0.0}, {'id': 'cand_2', 'expr': 'a1*x + b1', 'complexity': 1.5, 'novelty': 0.1}, {'id': 'cand_3', 'expr': 'a2*x + b2', 'complexity': 2.0, 'novelty': 0.2}], 'winner': {'candidate': {'id': 'cand_1', 'expr': 'a0*x + b0', 'complexity': 1.0, 'novelty': 0.0}, 'metrics': {'rmse': 0.1, 'bic': 68.0, 'ece': 0.07500000000000001, 'stability': 0.5}, 'params': {'a': 0.1, 'b': 0.0}, 'ci': {'lower_mean': 0.0, 'upper_mean': 0.0, 'alpha': 0.05}, 'score': -13.517500000000002}, 'promoted': {'promoted': False}}
[system_report] Tests run: 104, failures: 0, errors: 0, skipped: 1
[system_report] Wrote reports\system_report.json
Found 0 patterns to report

Completed all reports at 2025-10-24 23:51:06
Saved under: reports/auto_reports
[system_report] Exercising solvers...
[system_report] Solvers OK: 4/4 (100.0%)
[system_report] Running unit tests (discovery: tests/)...
вүЎЖ’Г¶Г¬ в”ҳГ в•Әв•Јв•ӘВәв”ҳГӨв•ӘВјв•ӘвҢҗ в”ҳГ в•Әв”Өв”ҳГўв”ҳГӨв•ӘвҢҗ: в•ӘВЎв”ҳГӨ в”ҳГ в•Әв•Јв•ӘВәв•ӘВ»в”ҳГӨв•ӘвҢҗ в•ӘВ¬в”ҳГјв•ӘВәв•Әв•ўв”ҳГӨв”ҳГЁв•ӘвҢҗ...
вүЎЖ’Г¶Г¬ в”ҳГ в•Әв•Јв•ӘВәв”ҳГӨв•ӘВјв•ӘвҢҗ в”ҳГ в•Әв”Өв”ҳГўв”ҳГӨв•ӘвҢҗ: в•ӘВәв•ӘВ«в•ӘВ¬в•ӘВҝв•ӘВәв•Әв–’ в•ӘВәв”ҳГӨв•ӘВ¬в•Әв”Өв•ӘВәв•ӘВҝв”ҳГ§ 123...
вүЎЖ’Г¶Г¬ в”ҳГ в•Әв•Јв•ӘВәв”ҳГӨв•ӘВјв•ӘвҢҗ в”ҳГ в•Әв”Өв”ҳГўв”ҳГӨв•ӘвҢҗ: в•ӘВәв•ӘВ«в•ӘВ¬в•ӘВҝв•ӘВәв•Әв–’ в•ӘВәв”ҳГӨв•ӘВ¬в•Әв”Өв•ӘВәв•ӘВҝв”ҳГ§ 123...
Smoke output: {'diagnosis': {'gaps': ['insufficient_patterns'], 'constraints': {}, 'suggested_task': 'predict_y'}, 'candidates': [{'id': 'cand_1', 'expr': 'a0*x + b0', 'complexity': 1.0, 'novelty': 0.0}, {'id': 'cand_2', 'expr': 'a1*x + b1', 'complexity': 1.5, 'novelty': 0.1}, {'id': 'cand_3', 'expr': 'a2*x + b2', 'complexity': 2.0, 'novelty': 0.2}], 'winner': {'candidate': {'id': 'cand_1', 'expr': 'a0*x + b0', 'complexity': 1.0, 'novelty': 0.0}, 'metrics': {'rmse': 0.1, 'bic': 68.0, 'ece': 0.07500000000000001, 'stability': 0.5}, 'params': {'a': 0.1, 'b': 0.0}, 'ci': {'lower_mean': 0.0, 'upper_mean': 0.0, 'alpha': 0.05}, 'score': -13.517500000000002}, 'promoted': {'promoted': False}}
[system_report] Tests run: 104, failures: 0, errors: 0, skipped: 1
[system_report] Wrote reports\system_report.json
Appended entry to D:\AGL\Knowledge_Base\Learned_Patterns.json:
{
  "type": "rc_step",
  "tau": 37.2275,
  "a": -0.0268618457,
  "V0": 2.3955,
  "source": "D:/AGL/artifacts/models/rc_D/results.json"
}
Entry for source D:/AGL/artifacts/models/rc_D/results.json already exists in KB. Skipping append.
Entry for source D:/AGL/artifacts/models/rc_D/results.json already exists in KB. Skipping append.
wrote reports/auto_reports\poly2_iv_report.html
wrote reports/auto_reports\projectile_report.html
wrote reports/auto_reports\rc_step_report.html
wrote reports/auto_reports\exp1_report.html
wrote reports/auto_reports\exp1_report.html
wrote reports/auto_reports\power_report.html
wrote reports/auto_reports\power_report.html
wrote reports/auto_reports\hooke_report.html
wrote reports/auto_reports\hooke_report.html
wrote reports/auto_reports\hooke_report.html
wrote reports/auto_reports\hooke_report.html
wrote reports/auto_reports\ohm_report.html
wrote reports/auto_reports\ohm_report.html
wrote reports/auto_reports\poly2_report.html
wrote reports/auto_reports\poly2_report.html
wrote reports/auto_reports\poly2_iv_report.html
wrote reports/auto_reports\poly2_iv_report.html
wrote reports/auto_reports\power_report.html
wrote reports/auto_reports\power_report.html
wrote reports/auto_reports\projectile_report.html
wrote reports/auto_reports\rc_step_report.html
wrote reports/auto_reports\rc_step_report.html
wrote reports/auto_reports\exp1_report.html
wrote reports/auto_reports\exp1_report.html
Found 25 patterns to report
Generating report for poly2_iv О“ГҘГҶ reports/auto_reports\poly2_iv_report.html
Generating report for projectile О“ГҘГҶ reports/auto_reports\projectile_report.html
Generating report for rc_step О“ГҘГҶ reports/auto_reports\rc_step_report.html
Generating report for exp1 О“ГҘГҶ reports/auto_reports\exp1_report.html
Generating report for exp1 О“ГҘГҶ reports/auto_reports\exp1_report.html
Generating report for power О“ГҘГҶ reports/auto_reports\power_report.html
Generating report for power О“ГҘГҶ reports/auto_reports\power_report.html
Generating report for hooke О“ГҘГҶ reports/auto_reports\hooke_report.html
Generating report for hooke О“ГҘГҶ reports/auto_reports\hooke_report.html
Generating report for hooke О“ГҘГҶ reports/auto_reports\hooke_report.html
Generating report for hooke О“ГҘГҶ reports/auto_reports\hooke_report.html
Generating report for ohm О“ГҘГҶ reports/auto_reports\ohm_report.html
Generating report for ohm О“ГҘГҶ reports/auto_reports\ohm_report.html
Generating report for poly2 О“ГҘГҶ reports/auto_reports\poly2_report.html
Generating report for poly2 О“ГҘГҶ reports/auto_reports\poly2_report.html
Generating report for poly2_iv О“ГҘГҶ reports/auto_reports\poly2_iv_report.html
Generating report for poly2_iv О“ГҘГҶ reports/auto_reports\poly2_iv_report.html
Generating report for power О“ГҘГҶ reports/auto_reports\power_report.html
Generating report for power О“ГҘГҶ reports/auto_reports\power_report.html
Generating report for projectile О“ГҘГҶ reports/auto_reports\projectile_report.html
Generating report for rc_step О“ГҘГҶ reports/auto_reports\rc_step_report.html
Generating report for rc_step О“ГҘГҶ reports/auto_reports\rc_step_report.html
Generating report for exp1 О“ГҘГҶ reports/auto_reports\exp1_report.html
Generating report for exp1 О“ГҘГҶ reports/auto_reports\exp1_report.html

Completed all reports at 2025-10-25 00:03:51
Saved under: reports/auto_reports
[system_report] Exercising solvers...
[system_report] Solvers OK: 4/4 (100.0%)
[system_report] Running unit tests (discovery: tests/)...
вүЎЖ’Г¶Г¬ в”ҳГ в•Әв•Јв•ӘВәв”ҳГӨв•ӘВјв•ӘвҢҗ в”ҳГ в•Әв”Өв”ҳГўв”ҳГӨв•ӘвҢҗ: в•ӘВЎв”ҳГӨ в”ҳГ в•Әв•Јв•ӘВәв•ӘВ»в”ҳГӨв•ӘвҢҗ в•ӘВ¬в”ҳГјв•ӘВәв•Әв•ўв”ҳГӨв”ҳГЁв•ӘвҢҗ...
вүЎЖ’Г¶Г¬ в”ҳГ в•Әв•Јв•ӘВәв”ҳГӨв•ӘВјв•ӘвҢҗ в”ҳГ в•Әв”Өв”ҳГўв”ҳГӨв•ӘвҢҗ: в•ӘВәв•ӘВ«в•ӘВ¬в•ӘВҝв•ӘВәв•Әв–’ в•ӘВәв”ҳГӨв•ӘВ¬в•Әв”Өв•ӘВәв•ӘВҝв”ҳГ§ 123...
вүЎЖ’Г¶Г¬ в”ҳГ в•Әв•Јв•ӘВәв”ҳГӨв•ӘВјв•ӘвҢҗ в”ҳГ в•Әв”Өв”ҳГўв”ҳГӨв•ӘвҢҗ: в•ӘВәв•ӘВ«в•ӘВ¬в•ӘВҝв•ӘВәв•Әв–’ в•ӘВәв”ҳГӨв•ӘВ¬в•Әв”Өв•ӘВәв•ӘВҝв”ҳГ§ 123...
Smoke output: {'diagnosis': {'gaps': [], 'constraints': {}, 'suggested_task': 'predict_y'}, 'candidates': [{'id': 'cand_1', 'expr': 'a0*x + b0', 'complexity': 1.0, 'novelty': 0.0}, {'id': 'cand_2', 'expr': 'a1*x + b1', 'complexity': 1.5, 'novelty': 0.1}, {'id': 'cand_3', 'expr': 'a2*x + b2', 'complexity': 2.0, 'novelty': 0.2}], 'winner': {'candidate': {'id': 'cand_1', 'expr': 'a0*x + b0', 'complexity': 1.0, 'novelty': 0.0}, 'metrics': {'rmse': 0.1, 'bic': 68.0, 'ece': 0.07500000000000001, 'stability': 0.5}, 'params': {'a': 0.1, 'b': 0.0}, 'ci': {'lower_mean': 0.0, 'upper_mean': 0.0, 'alpha': 0.05}, 'score': -13.517500000000002}, 'promoted': {'promoted': False}}
[system_report] Tests run: 104, failures: 0, errors: 0, skipped: 1
[system_report] Wrote reports\system_report.json
Appended entry to D:\AGL\Knowledge_Base\Learned_Patterns.json:
{
  "type": "rc_step",
  "tau": 37.2275,
  "a": -0.0268618457,
  "V0": 2.3955,
  "source": "D:/AGL/artifacts/models/rc_D/results.json"
}
Found 1 patterns to report

Completed all reports at 2025-10-25 00:06:20
Saved under: reports/auto_reports
[system_report] Exercising solvers...
[system_report] Solvers OK: 4/4 (100.0%)
[system_report] Running unit tests (discovery: tests/)...
вүЎЖ’Г¶Г¬ в”ҳГ в•Әв•Јв•ӘВәв”ҳГӨв•ӘВјв•ӘвҢҗ в”ҳГ в•Әв”Өв”ҳГўв”ҳГӨв•ӘвҢҗ: в•ӘВЎв”ҳГӨ в”ҳГ в•Әв•Јв•ӘВәв•ӘВ»в”ҳГӨв•ӘвҢҗ в•ӘВ¬в”ҳГјв•ӘВәв•Әв•ўв”ҳГӨв”ҳГЁв•ӘвҢҗ...
вүЎЖ’Г¶Г¬ в”ҳГ в•Әв•Јв•ӘВәв”ҳГӨв•ӘВјв•ӘвҢҗ в”ҳГ в•Әв”Өв”ҳГўв”ҳГӨв•ӘвҢҗ: в•ӘВәв•ӘВ«в•ӘВ¬в•ӘВҝв•ӘВәв•Әв–’ в•ӘВәв”ҳГӨв•ӘВ¬в•Әв”Өв•ӘВәв•ӘВҝв”ҳГ§ 123...
вүЎЖ’Г¶Г¬ в”ҳГ в•Әв•Јв•ӘВәв”ҳГӨв•ӘВјв•ӘвҢҗ в”ҳГ в•Әв”Өв”ҳГўв”ҳГӨв•ӘвҢҗ: в•ӘВәв•ӘВ«в•ӘВ¬в•ӘВҝв•ӘВәв•Әв–’ в•ӘВәв”ҳГӨв•ӘВ¬в•Әв”Өв•ӘВәв•ӘВҝв”ҳГ§ 123...
Smoke output: {'diagnosis': {'gaps': ['insufficient_patterns'], 'constraints': {}, 'suggested_task': 'predict_y'}, 'candidates': [{'id': 'cand_1', 'expr': 'a0*x + b0', 'complexity': 1.0, 'novelty': 0.0}, {'id': 'cand_2', 'expr': 'a1*x + b1', 'complexity': 1.5, 'novelty': 0.1}, {'id': 'cand_3', 'expr': 'a2*x + b2', 'complexity': 2.0, 'novelty': 0.2}], 'winner': {'candidate': {'id': 'cand_1', 'expr': 'a0*x + b0', 'complexity': 1.0, 'novelty': 0.0}, 'metrics': {'rmse': 0.1, 'bic': 68.0, 'ece': 0.07500000000000001, 'stability': 0.5}, 'params': {'a': 0.1, 'b': 0.0}, 'ci': {'lower_mean': 0.0, 'upper_mean': 0.0, 'alpha': 0.05}, 'score': -13.517500000000002}, 'promoted': {'promoted': False}}
[system_report] Tests run: 104, failures: 3, errors: 3, skipped: 1
[system_report] Wrote reports\system_report.json
Found 0 patterns to report

Completed all reports at 2025-10-25 00:08:48
Saved under: reports/auto_reports
[system_report] Exercising solvers...
[system_report] Solvers OK: 4/4 (100.0%)
[system_report] Running unit tests (discovery: tests/)...
вүЎЖ’Г¶Г¬ в”ҳГ в•Әв•Јв•ӘВәв”ҳГӨв•ӘВјв•ӘвҢҗ в”ҳГ в•Әв”Өв”ҳГўв”ҳГӨв•ӘвҢҗ: в•ӘВЎв”ҳГӨ в”ҳГ в•Әв•Јв•ӘВәв•ӘВ»в”ҳГӨв•ӘвҢҗ в•ӘВ¬в”ҳГјв•ӘВәв•Әв•ўв”ҳГӨв”ҳГЁв•ӘвҢҗ...
вүЎЖ’Г¶Г¬ в”ҳГ в•Әв•Јв•ӘВәв”ҳГӨв•ӘВјв•ӘвҢҗ в”ҳГ в•Әв”Өв”ҳГўв”ҳГӨв•ӘвҢҗ: в•ӘВәв•ӘВ«в•ӘВ¬в•ӘВҝв•ӘВәв•Әв–’ в•ӘВәв”ҳГӨв•ӘВ¬в•Әв”Өв•ӘВәв•ӘВҝв”ҳГ§ 123...
вүЎЖ’Г¶Г¬ в”ҳГ в•Әв•Јв•ӘВәв”ҳГӨв•ӘВјв•ӘвҢҗ в”ҳГ в•Әв”Өв”ҳГўв”ҳГӨв•ӘвҢҗ: в•ӘВәв•ӘВ«в•ӘВ¬в•ӘВҝв•ӘВәв•Әв–’ в•ӘВәв”ҳГӨв•ӘВ¬в•Әв”Өв•ӘВәв•ӘВҝв”ҳГ§ 123...
Smoke output: {'diagnosis': {'gaps': ['insufficient_patterns'], 'constraints': {}, 'suggested_task': 'predict_y'}, 'candidates': [{'id': 'cand_1', 'expr': 'a0*x + b0', 'complexity': 1.0, 'novelty': 0.0}, {'id': 'cand_2', 'expr': 'a1*x + b1', 'complexity': 1.5, 'novelty': 0.1}, {'id': 'cand_3', 'expr': 'a2*x + b2', 'complexity': 2.0, 'novelty': 0.2}], 'winner': {'candidate': {'id': 'cand_1', 'expr': 'a0*x + b0', 'complexity': 1.0, 'novelty': 0.0}, 'metrics': {'rmse': 0.1, 'bic': 68.0, 'ece': 0.07500000000000001, 'stability': 0.5}, 'params': {'a': 0.1, 'b': 0.0}, 'ci': {'lower_mean': 0.0, 'upper_mean': 0.0, 'alpha': 0.05}, 'score': -13.517500000000002}, 'promoted': {'promoted': False}}
[system_report] Tests run: 104, failures: 0, errors: 0, skipped: 1
[system_report] Wrote reports\system_report.json
