[2026-01-07 01:30:04.830117] HypothesisGenerator ACTIVATED for payload: {'op': 'answer', 'params': {'input': 'اختبار سريع:...
[2026-01-07 01:31:10.149080] HypothesisGenerator ACTIVATED for payload: {'op': 'answer', 'params': {'input': 'اختبار سريع:...
[2026-01-07 04:00:25.383698] HypothesisGenerator ACTIVATED for payload: {'query': 'بيانات خام (x,y):\n1,2\n2,4\n3,6\n4,8\n...
[2026-01-07 04:01:08.230931] HypothesisGenerator ACTIVATED for payload: {'query': 'بيانات خام (x,y):\n1,2\n2,4\n3,6\n4,8\n...
[2026-01-07 04:03:31.929798] HypothesisGenerator ACTIVATED for payload: {'query': 'بيانات خام (x,y):\n1,2\n2,4\n3,6\n4,8\n...
[2026-01-07 04:04:53.254438] HypothesisGenerator ACTIVATED for payload: {'query': 'بيانات خام (x,y):\n1,2\n2,4\n3,6\n4,8\n...
[2026-01-08 01:39:43.634625] HypothesisGenerator ACTIVATED for payload: {'query': 'بيانات خام (x,y):\n1,2\n2,4\n3,6\n4,8\n...
[2026-01-08 01:42:00.761279] HypothesisGenerator ACTIVATED for payload: {'query': 'بيانات خام (x,y):\n1,2\n2,4\n3,6\n4,8\n...
[2026-01-08 01:42:00.762625] HypothesisGenerator ACTIVATED for payload: {'query': 'بيانات خام (x,y):\n1,2\n2,4\n3,6\n4,8\n...
[2026-01-08 01:42:00.764711] HypothesisGenerator ACTIVATED for payload: {'query': 'بيانات خام (x,y):\n1,2\n2,4\n3,6\n4,8\n...
[2026-01-08 01:42:00.766208] HypothesisGenerator ACTIVATED for payload: {'query': 'بيانات خام (x,y):\n1,2\n2,4\n3,6\n4,8\n...
[2026-01-08 01:42:00.767644] HypothesisGenerator ACTIVATED for payload: {'query': 'بيانات خام (x,y):\n1,2\n2,4\n3,6\n4,8\n...
[2026-01-08 01:42:18.456002] HypothesisGenerator ACTIVATED for payload: {'query': 'بيانات خام (x,y):\n1,2\n2,4\n3,6\n4,8\n...
[2026-01-08 01:42:18.458151] HypothesisGenerator ACTIVATED for payload: {'query': 'بيانات خام (x,y):\n1,2\n2,4\n3,6\n4,8\n...
[2026-01-08 01:42:18.459010] HypothesisGenerator ACTIVATED for payload: {'query': 'بيانات خام (x,y):\n1,2\n2,4\n3,6\n4,8\n...
[2026-01-08 01:42:18.460221] HypothesisGenerator ACTIVATED for payload: {'query': 'بيانات خام (x,y):\n1,2\n2,4\n3,6\n4,8\n...
[2026-01-08 01:42:18.461804] HypothesisGenerator ACTIVATED for payload: {'query': 'بيانات خام (x,y):\n1,2\n2,4\n3,6\n4,8\n...
[2026-01-08 01:48:15.672207] HypothesisGenerator ACTIVATED for payload: {'query': 'بيانات خام (x,y):\n1,3\n2,6\n3,9\n4,12\...
[2026-01-08 01:48:15.673734] HypothesisGenerator ACTIVATED for payload: {'query': 'بيانات خام (x,y):\n1,3\n2,6\n3,9\n4,12\...
[2026-01-08 01:48:15.674352] HypothesisGenerator ACTIVATED for payload: {'query': 'بيانات خام (x,y):\n1,3\n2,6\n3,9\n4,12\...
[2026-01-08 01:48:15.675070] HypothesisGenerator ACTIVATED for payload: {'query': 'بيانات خام (x,y):\n1,3\n2,5\n3,7\n4,9\n...
[2026-01-08 01:48:15.676307] HypothesisGenerator ACTIVATED for payload: {'query': 'بيانات خام (x,y):\n1,3\n2,5\n3,7\n4,9\n...
[2026-01-08 01:48:15.677914] HypothesisGenerator ACTIVATED for payload: {'query': 'بيانات خام (x,y):\n1,3\n2,5\n3,7\n4,9\n...
[2026-01-08 01:48:15.679599] HypothesisGenerator ACTIVATED for payload: {'query': 'بيانات خام (x,y):\n2,1\n4,2\n6,3\n8,4\n...
[2026-01-08 01:48:15.680485] HypothesisGenerator ACTIVATED for payload: {'query': 'بيانات خام (x,y):\n2,1\n4,2\n6,3\n8,4\n...
[2026-01-08 01:48:15.681364] HypothesisGenerator ACTIVATED for payload: {'query': 'بيانات خام (x,y):\n2,1\n4,2\n6,3\n8,4\n...
[2026-01-08 01:48:15.682945] HypothesisGenerator ACTIVATED for payload: {'query': 'بيانات خام (x,y):\n1,9\n2,8\n3,7\n4,6\n...
[2026-01-08 01:48:15.684769] HypothesisGenerator ACTIVATED for payload: {'query': 'بيانات خام (x,y):\n1,9\n2,8\n3,7\n4,6\n...
[2026-01-08 01:48:15.685784] HypothesisGenerator ACTIVATED for payload: {'query': 'بيانات خام (x,y):\n1,9\n2,8\n3,7\n4,6\n...
[2026-01-08 01:48:15.687075] HypothesisGenerator ACTIVATED for payload: {'query': 'بيانات خام (x,y):\n1,2\n2,6\n3,10\n4,14...
[2026-01-08 01:48:15.688322] HypothesisGenerator ACTIVATED for payload: {'query': 'بيانات خام (x,y):\n1,2\n2,6\n3,10\n4,14...
[2026-01-08 01:48:15.689690] HypothesisGenerator ACTIVATED for payload: {'query': 'بيانات خام (x,y):\n1,2\n2,6\n3,10\n4,14...
[2026-01-08 01:48:34.138742] HypothesisGenerator ACTIVATED for payload: {'query': 'بيانات خام (x,y):\n1,3\n2,6\n3,9\n4,12\...
[2026-01-08 01:48:34.140363] HypothesisGenerator ACTIVATED for payload: {'query': 'بيانات خام (x,y):\n1,3\n2,6\n3,9\n4,12\...
[2026-01-08 01:48:34.141431] HypothesisGenerator ACTIVATED for payload: {'query': 'بيانات خام (x,y):\n1,3\n2,6\n3,9\n4,12\...
[2026-01-08 01:48:34.143071] HypothesisGenerator ACTIVATED for payload: {'query': 'بيانات خام (x,y):\n1,3\n2,5\n3,7\n4,9\n...
[2026-01-08 01:48:34.144993] HypothesisGenerator ACTIVATED for payload: {'query': 'بيانات خام (x,y):\n1,3\n2,5\n3,7\n4,9\n...
[2026-01-08 01:48:34.146728] HypothesisGenerator ACTIVATED for payload: {'query': 'بيانات خام (x,y):\n1,3\n2,5\n3,7\n4,9\n...
[2026-01-08 01:48:34.148311] HypothesisGenerator ACTIVATED for payload: {'query': 'بيانات خام (x,y):\n2,1\n4,2\n6,3\n8,4\n...
[2026-01-08 01:48:34.150298] HypothesisGenerator ACTIVATED for payload: {'query': 'بيانات خام (x,y):\n2,1\n4,2\n6,3\n8,4\n...
[2026-01-08 01:48:34.152494] HypothesisGenerator ACTIVATED for payload: {'query': 'بيانات خام (x,y):\n2,1\n4,2\n6,3\n8,4\n...
[2026-01-08 01:48:34.153963] HypothesisGenerator ACTIVATED for payload: {'query': 'بيانات خام (x,y):\n1,9\n2,8\n3,7\n4,6\n...
[2026-01-08 01:48:34.155423] HypothesisGenerator ACTIVATED for payload: {'query': 'بيانات خام (x,y):\n1,9\n2,8\n3,7\n4,6\n...
[2026-01-08 01:48:34.157247] HypothesisGenerator ACTIVATED for payload: {'query': 'بيانات خام (x,y):\n1,9\n2,8\n3,7\n4,6\n...
[2026-01-08 01:48:34.159269] HypothesisGenerator ACTIVATED for payload: {'query': 'بيانات خام (x,y):\n1,2\n2,6\n3,10\n4,14...
[2026-01-08 01:48:34.160687] HypothesisGenerator ACTIVATED for payload: {'query': 'بيانات خام (x,y):\n1,2\n2,6\n3,10\n4,14...
[2026-01-08 01:48:34.161586] HypothesisGenerator ACTIVATED for payload: {'query': 'بيانات خام (x,y):\n1,2\n2,6\n3,10\n4,14...
[2026-01-08 01:53:02.704611] HypothesisGenerator ACTIVATED for payload: {'query': 'بيانات خام (x,y):\n1,3\n2,6\n3,9\n4,12\...
[2026-01-08 01:53:02.706740] HypothesisGenerator ACTIVATED for payload: {'query': 'بيانات خام (x,y):\n1,3\n2,6\n3,9\n4,12\...
[2026-01-08 01:53:02.708863] HypothesisGenerator ACTIVATED for payload: {'query': 'بيانات خام (x,y):\n1,3\n2,6\n3,9\n4,12\...
[2026-01-08 01:53:02.710192] HypothesisGenerator ACTIVATED for payload: {'query': 'بيانات خام (x,y):\n1,3\n2,5\n3,7\n4,9\n...
[2026-01-08 01:53:02.711235] HypothesisGenerator ACTIVATED for payload: {'query': 'بيانات خام (x,y):\n1,3\n2,5\n3,7\n4,9\n...
[2026-01-08 01:53:02.712008] HypothesisGenerator ACTIVATED for payload: {'query': 'بيانات خام (x,y):\n1,3\n2,5\n3,7\n4,9\n...
[2026-01-08 01:53:02.713287] HypothesisGenerator ACTIVATED for payload: {'query': 'بيانات خام (x,y):\n2,1\n4,2\n6,3\n8,4\n...
[2026-01-08 01:53:02.714932] HypothesisGenerator ACTIVATED for payload: {'query': 'بيانات خام (x,y):\n2,1\n4,2\n6,3\n8,4\n...
[2026-01-08 01:53:02.716154] HypothesisGenerator ACTIVATED for payload: {'query': 'بيانات خام (x,y):\n2,1\n4,2\n6,3\n8,4\n...
[2026-01-08 01:53:02.717197] HypothesisGenerator ACTIVATED for payload: {'query': 'بيانات خام (x,y):\n1,9\n2,8\n3,7\n4,6\n...
[2026-01-08 01:53:02.718098] HypothesisGenerator ACTIVATED for payload: {'query': 'بيانات خام (x,y):\n1,9\n2,8\n3,7\n4,6\n...
[2026-01-08 01:53:02.718799] HypothesisGenerator ACTIVATED for payload: {'query': 'بيانات خام (x,y):\n1,9\n2,8\n3,7\n4,6\n...
[2026-01-08 01:53:02.719732] HypothesisGenerator ACTIVATED for payload: {'query': 'بيانات خام (x,y):\n1,2\n2,6\n3,10\n4,14...
[2026-01-08 01:53:02.720817] HypothesisGenerator ACTIVATED for payload: {'query': 'بيانات خام (x,y):\n1,2\n2,6\n3,10\n4,14...
[2026-01-08 01:53:02.721984] HypothesisGenerator ACTIVATED for payload: {'query': 'بيانات خام (x,y):\n1,2\n2,6\n3,10\n4,14...
[2026-01-08 01:53:02.723442] HypothesisGenerator ACTIVATED for payload: {'query': 'بيانات خام (x,y):\n0,1\n1,3\n2,5\n3,7\n...
[2026-01-08 01:53:02.724416] HypothesisGenerator ACTIVATED for payload: {'query': 'بيانات خام (x,y):\n0,1\n1,3\n2,5\n3,7\n...
[2026-01-08 01:53:02.725213] HypothesisGenerator ACTIVATED for payload: {'query': 'بيانات خام (x,y):\n0,1\n1,3\n2,5\n3,7\n...
[2026-01-08 01:53:02.726313] HypothesisGenerator ACTIVATED for payload: {'query': 'بيانات خام (x,y):\n1,10\n2,8\n3,6\n4,4\...
[2026-01-08 01:53:02.727354] HypothesisGenerator ACTIVATED for payload: {'query': 'بيانات خام (x,y):\n1,10\n2,8\n3,6\n4,4\...
[2026-01-08 01:53:02.729215] HypothesisGenerator ACTIVATED for payload: {'query': 'بيانات خام (x,y):\n1,10\n2,8\n3,6\n4,4\...
[2026-01-08 01:53:02.730480] HypothesisGenerator ACTIVATED for payload: {'query': 'بيانات خام (x,y):\n1,5\n2,8\n3,11\n4,14...
[2026-01-08 01:53:02.731223] HypothesisGenerator ACTIVATED for payload: {'query': 'بيانات خام (x,y):\n1,5\n2,8\n3,11\n4,14...
[2026-01-08 01:53:02.732162] HypothesisGenerator ACTIVATED for payload: {'query': 'بيانات خام (x,y):\n1,5\n2,8\n3,11\n4,14...
[2026-01-08 01:53:02.732931] HypothesisGenerator ACTIVATED for payload: {'query': 'بيانات خام (x,y):\n1,100\n2,200\n3,300\...
[2026-01-08 01:53:02.734774] HypothesisGenerator ACTIVATED for payload: {'query': 'بيانات خام (x,y):\n1,100\n2,200\n3,300\...
[2026-01-08 01:53:02.736709] HypothesisGenerator ACTIVATED for payload: {'query': 'بيانات خام (x,y):\n1,100\n2,200\n3,300\...
[2026-01-08 01:53:02.737889] HypothesisGenerator ACTIVATED for payload: {'query': 'بيانات خام (x,y):\n2,9\n4,13\n6,17\n8,2...
[2026-01-08 01:53:02.739372] HypothesisGenerator ACTIVATED for payload: {'query': 'بيانات خام (x,y):\n2,9\n4,13\n6,17\n8,2...
[2026-01-08 01:53:02.741068] HypothesisGenerator ACTIVATED for payload: {'query': 'بيانات خام (x,y):\n2,9\n4,13\n6,17\n8,2...
[2026-01-08 01:53:28.645353] HypothesisGenerator ACTIVATED for payload: {'query': 'بيانات خام (x,y):\n1,3\n2,6\n3,9\n4,12\...
[2026-01-08 01:53:28.648266] HypothesisGenerator ACTIVATED for payload: {'query': 'بيانات خام (x,y):\n1,3\n2,6\n3,9\n4,12\...
[2026-01-08 01:53:28.649252] HypothesisGenerator ACTIVATED for payload: {'query': 'بيانات خام (x,y):\n1,3\n2,6\n3,9\n4,12\...
[2026-01-08 01:53:28.650118] HypothesisGenerator ACTIVATED for payload: {'query': 'بيانات خام (x,y):\n1,3\n2,5\n3,7\n4,9\n...
[2026-01-08 01:53:28.651035] HypothesisGenerator ACTIVATED for payload: {'query': 'بيانات خام (x,y):\n1,3\n2,5\n3,7\n4,9\n...
[2026-01-08 01:53:28.652092] HypothesisGenerator ACTIVATED for payload: {'query': 'بيانات خام (x,y):\n1,3\n2,5\n3,7\n4,9\n...
[2026-01-08 01:53:28.653089] HypothesisGenerator ACTIVATED for payload: {'query': 'بيانات خام (x,y):\n2,1\n4,2\n6,3\n8,4\n...
[2026-01-08 01:53:28.654029] HypothesisGenerator ACTIVATED for payload: {'query': 'بيانات خام (x,y):\n2,1\n4,2\n6,3\n8,4\n...
[2026-01-08 01:53:28.654885] HypothesisGenerator ACTIVATED for payload: {'query': 'بيانات خام (x,y):\n2,1\n4,2\n6,3\n8,4\n...
[2026-01-08 01:53:28.655582] HypothesisGenerator ACTIVATED for payload: {'query': 'بيانات خام (x,y):\n1,9\n2,8\n3,7\n4,6\n...
[2026-01-08 01:53:28.656276] HypothesisGenerator ACTIVATED for payload: {'query': 'بيانات خام (x,y):\n1,9\n2,8\n3,7\n4,6\n...
[2026-01-08 01:53:28.657218] HypothesisGenerator ACTIVATED for payload: {'query': 'بيانات خام (x,y):\n1,9\n2,8\n3,7\n4,6\n...
[2026-01-08 01:53:28.658268] HypothesisGenerator ACTIVATED for payload: {'query': 'بيانات خام (x,y):\n1,2\n2,6\n3,10\n4,14...
[2026-01-08 01:53:28.659616] HypothesisGenerator ACTIVATED for payload: {'query': 'بيانات خام (x,y):\n1,2\n2,6\n3,10\n4,14...
[2026-01-08 01:53:28.660654] HypothesisGenerator ACTIVATED for payload: {'query': 'بيانات خام (x,y):\n1,2\n2,6\n3,10\n4,14...
[2026-01-08 01:53:28.661851] HypothesisGenerator ACTIVATED for payload: {'query': 'بيانات خام (x,y):\n0,1\n1,3\n2,5\n3,7\n...
[2026-01-08 01:53:28.662724] HypothesisGenerator ACTIVATED for payload: {'query': 'بيانات خام (x,y):\n0,1\n1,3\n2,5\n3,7\n...
[2026-01-08 01:53:28.664179] HypothesisGenerator ACTIVATED for payload: {'query': 'بيانات خام (x,y):\n0,1\n1,3\n2,5\n3,7\n...
[2026-01-08 01:53:28.665460] HypothesisGenerator ACTIVATED for payload: {'query': 'بيانات خام (x,y):\n1,10\n2,8\n3,6\n4,4\...
[2026-01-08 01:53:28.667163] HypothesisGenerator ACTIVATED for payload: {'query': 'بيانات خام (x,y):\n1,10\n2,8\n3,6\n4,4\...
[2026-01-08 01:53:28.668204] HypothesisGenerator ACTIVATED for payload: {'query': 'بيانات خام (x,y):\n1,10\n2,8\n3,6\n4,4\...
[2026-01-08 01:53:28.669048] HypothesisGenerator ACTIVATED for payload: {'query': 'بيانات خام (x,y):\n1,5\n2,8\n3,11\n4,14...
[2026-01-08 01:53:28.670024] HypothesisGenerator ACTIVATED for payload: {'query': 'بيانات خام (x,y):\n1,5\n2,8\n3,11\n4,14...
[2026-01-08 01:53:28.671088] HypothesisGenerator ACTIVATED for payload: {'query': 'بيانات خام (x,y):\n1,5\n2,8\n3,11\n4,14...
[2026-01-08 01:53:28.672296] HypothesisGenerator ACTIVATED for payload: {'query': 'بيانات خام (x,y):\n1,100\n2,200\n3,300\...
[2026-01-08 01:53:28.674334] HypothesisGenerator ACTIVATED for payload: {'query': 'بيانات خام (x,y):\n1,100\n2,200\n3,300\...
[2026-01-08 01:53:28.676009] HypothesisGenerator ACTIVATED for payload: {'query': 'بيانات خام (x,y):\n1,100\n2,200\n3,300\...
[2026-01-08 01:53:28.677214] HypothesisGenerator ACTIVATED for payload: {'query': 'بيانات خام (x,y):\n2,9\n4,13\n6,17\n8,2...
[2026-01-08 01:53:28.678865] HypothesisGenerator ACTIVATED for payload: {'query': 'بيانات خام (x,y):\n2,9\n4,13\n6,17\n8,2...
[2026-01-08 01:53:28.681249] HypothesisGenerator ACTIVATED for payload: {'query': 'بيانات خام (x,y):\n2,9\n4,13\n6,17\n8,2...
[2026-01-08 02:05:56.945633] HypothesisGenerator ACTIVATED for payload: {'query': 'بيانات (x,y):\n1,3\n2,5\n3,7\n4,9\n\nكو...
[2026-01-08 02:05:56.947310] HypothesisGenerator ACTIVATED for payload: {'query': 'بيانات (x,y):\n1,3\n2,5\n3,7\n4,9\n\nكو...
[2026-01-08 02:13:08.252095] HypothesisGenerator ACTIVATED for payload: {'query': 'بيانات (x,y):\n1,3\n2,5\n3,7\n4,9\n\nكو...
[2026-01-08 02:13:08.253898] HypothesisGenerator ACTIVATED for payload: {'query': 'بيانات (x,y):\n1,3\n2,5\n3,7\n4,9\n\nكو...
[2026-01-08 03:36:49.563668] HypothesisGenerator ACTIVATED for payload: {'query': 'بيانات خام (x,y):\n1,2\n2,4\n3,6\n4,8\n...
[2026-01-08 03:37:02.153575] HypothesisGenerator ACTIVATED for payload: {'query': 'بيانات خام (x,y):\n1,3\n2,6\n3,9\n4,12\...
[2026-01-08 03:37:02.154812] HypothesisGenerator ACTIVATED for payload: {'query': 'بيانات خام (x,y):\n1,3\n2,5\n3,7\n4,9\n...
[2026-01-08 03:37:02.155521] HypothesisGenerator ACTIVATED for payload: {'query': 'بيانات خام (x,y):\n2,1\n4,2\n6,3\n8,4\n...
[2026-01-08 03:37:02.156174] HypothesisGenerator ACTIVATED for payload: {'query': 'بيانات خام (x,y):\n1,9\n2,8\n3,7\n4,6\n...
[2026-01-08 03:37:02.156840] HypothesisGenerator ACTIVATED for payload: {'query': 'بيانات خام (x,y):\n1,2\n2,6\n3,10\n4,14...
[2026-01-08 03:37:02.158032] HypothesisGenerator ACTIVATED for payload: {'query': 'بيانات خام (x,y):\n0,1\n1,3\n2,5\n3,7\n...
[2026-01-08 03:37:02.159032] HypothesisGenerator ACTIVATED for payload: {'query': 'بيانات خام (x,y):\n1,10\n2,8\n3,6\n4,4\...
[2026-01-08 03:37:02.159940] HypothesisGenerator ACTIVATED for payload: {'query': 'بيانات خام (x,y):\n1,5\n2,8\n3,11\n4,14...
[2026-01-08 03:37:02.160789] HypothesisGenerator ACTIVATED for payload: {'query': 'بيانات خام (x,y):\n1,100\n2,200\n3,300\...
[2026-01-08 03:37:02.161625] HypothesisGenerator ACTIVATED for payload: {'query': 'بيانات خام (x,y):\n2,9\n4,13\n6,17\n8,2...
[2026-01-08 03:40:44.703907] HypothesisGenerator ACTIVATED for payload: {'query': 'بيانات (x,y):\n0,1\n1,3\n2,5\n3,7\n\nكو...
[2026-01-08 03:40:44.705425] HypothesisGenerator ACTIVATED for payload: {'query': 'بيانات (x,y):\n1,2\n2,4\n3,6\n4,8\n\nكو...
[2026-01-08 03:40:44.706071] HypothesisGenerator ACTIVATED for payload: {'query': 'بيانات (x,y):\n1,4\n2,7\n3,10\n4,13\n\n...
[2026-01-08 03:47:19.588281] HypothesisGenerator ACTIVATED for payload: {'text': 'بيانات (x,y):\n0,1\n1,3\n2,5\n3,7\n\nإذا...
[2026-01-08 03:49:02.018306] HypothesisGenerator ACTIVATED for payload: {'query': 'بيانات (x,y):\n0,1\n1,3\n2,5\n3,7\n\nكو...
[2026-01-08 03:49:02.019212] HypothesisGenerator ACTIVATED for payload: {'query': 'بيانات (x,y):\n1,2\n2,4\n3,6\n4,8\n\nكو...
[2026-01-08 03:49:02.019759] HypothesisGenerator ACTIVATED for payload: {'query': 'بيانات (x,y):\n1,4\n2,7\n3,10\n4,13\n\n...
[2026-01-08 04:11:42.596763] HypothesisGenerator ACTIVATED for payload: {'op': 'answer', 'params': {'input': 'حل مهمة تحسي...
[2026-01-10 23:42:22.219325] HypothesisGenerator ACTIVATED for payload: {'op': 'answer', 'params': {'input': 'Calculate th...
[2026-01-10 23:42:59.838773] HypothesisGenerator ACTIVATED for payload: {'op': 'answer', 'params': {'input': 'Calculate th...
[2026-01-10 23:45:46.443946] HypothesisGenerator ACTIVATED for payload: {'op': 'answer', 'params': {'input': 'Calculate th...
[2026-01-10 23:59:02.918644] HypothesisGenerator ACTIVATED for payload: {'op': 'answer', 'params': {'input': 'Calculate th...
[2026-01-11 00:02:10.616620] HypothesisGenerator ACTIVATED for payload: {'op': 'answer', 'params': {'input': 'Calculate th...
[2026-01-11 00:02:43.049657] HypothesisGenerator ACTIVATED for payload: {'op': 'answer', 'params': {'input': 'Calculate th...
[2026-01-11 00:03:12.732238] HypothesisGenerator ACTIVATED for payload: {'op': 'answer', 'params': {'input': 'Calculate th...
[2026-01-11 00:07:14.066651] HypothesisGenerator ACTIVATED for payload: {'op': 'answer', 'params': {'input': 'Calculate th...
[2026-01-11 00:09:17.772882] HypothesisGenerator ACTIVATED for payload: {'op': 'answer', 'params': {'input': 'Calculate th...
[2026-01-11 02:05:33.932237] HypothesisGenerator ACTIVATED for payload: {'topic': 'Mathematical Law of Ecology', 'context'...
[2026-01-11 02:05:35.436313] HypothesisGenerator ACTIVATED for payload: {'topic': 'Mathematical Law of Finance', 'context'...
[2026-01-12 00:55:19.814421] HypothesisGenerator ACTIVATED for payload: {'op': 'answer', 'params': {'input': '\n        Yo...
[2026-01-12 00:58:06.808087] HypothesisGenerator ACTIVATED for payload: {'topic': 'Action taken for تحليل المتطلبات وصياغة...
[2026-01-12 01:19:06.931515] HypothesisGenerator ACTIVATED for payload: {'topic': 'Action taken for تحليل المتطلبات وصياغة...
[2026-01-12 01:26:58.687112] HypothesisGenerator ACTIVATED for payload: {'op': 'answer', 'params': {'input': '\n        Yo...
[2026-01-12 01:27:53.388069] HypothesisGenerator ACTIVATED for payload: {'op': 'answer', 'params': {'input': '\n        Yo...
[2026-01-12 01:27:56.961010] HypothesisGenerator ACTIVATED for payload: {'topic': '\n        You have received a concept: ...
[2026-01-12 01:27:56.963443] HypothesisGenerator ACTIVATED for payload: {'topic': '\n        You have received a concept: ...
[2026-01-12 01:34:53.985169] HypothesisGenerator ACTIVATED for payload: {'op': 'answer', 'params': {'input': '\n        Yo...
[2026-01-12 01:35:28.001933] HypothesisGenerator ACTIVATED for payload: {'op': 'answer', 'params': {'input': '\n        Yo...
[2026-01-12 01:35:31.580807] HypothesisGenerator ACTIVATED for payload: {'topic': '\n        You have received a concept: ...
[2026-01-12 01:35:31.582491] HypothesisGenerator ACTIVATED for payload: {'topic': '\n        You have received a concept: ...
[2026-01-12 01:38:21.843777] HypothesisGenerator ACTIVATED for payload: {'op': 'answer', 'params': {'input': '\n          ...
[2026-01-12 01:39:07.807997] HypothesisGenerator ACTIVATED for payload: {'op': 'answer', 'params': {'input': '\n          ...
[2026-01-12 01:39:11.392047] HypothesisGenerator ACTIVATED for payload: {'topic': '\n            [AGI EXECUTIVE PROTOCOL A...
[2026-01-12 01:39:11.393670] HypothesisGenerator ACTIVATED for payload: {'topic': '\n            [AGI EXECUTIVE PROTOCOL A...
[2026-01-12 03:18:28.137351] HypothesisGenerator ACTIVATED for payload: {'topic': 'Action taken for تحليل المتطلبات وصياغة...
[2026-01-12 03:19:18.252255] HypothesisGenerator ACTIVATED for payload: {'topic': 'Action taken for تحليل المتطلبات وصياغة...
[2026-01-14 02:44:57.462287] HypothesisGenerator ACTIVATED for payload: {'topic': 'Action taken for تحليل المتطلبات وصياغة...
[2026-01-14 02:55:49.890827] HypothesisGenerator ACTIVATED for payload: {'topic': 'Action taken for Build a secure web API...
[2026-01-14 02:56:40.508503] HypothesisGenerator ACTIVATED for payload: {'topic': 'Action taken for Build a secure web API...
[2026-01-14 03:02:57.954509] HypothesisGenerator ACTIVATED for payload: {'topic': 'Action taken for Build a web system for...
[2026-01-14 03:06:26.617022] HypothesisGenerator ACTIVATED for payload: {'topic': 'Action taken for Build a web system for...
[2026-01-14 03:08:05.212105] HypothesisGenerator ACTIVATED for payload: {'topic': 'Action taken for Build a web system for...
[2026-01-14 23:40:51.649956] HypothesisGenerator ACTIVATED for payload: {'topic': 'Action taken for تحليل المتطلبات وصياغة...
[2026-01-14 23:45:42.692121] HypothesisGenerator ACTIVATED for payload: {'topic': 'Action taken for تحليل المتطلبات وصياغة...
[2026-01-15 00:06:28.423345] HypothesisGenerator ACTIVATED for payload: {'topic': 'Action taken for تحليل المتطلبات وصياغة...
[2026-01-16 03:04:03.438304] HypothesisGenerator ACTIVATED for payload: {'query': 'بيانات (x,y):\n1,3\n2,5\n3,7\n4,9\n\nكو...
[2026-01-16 03:04:03.442277] HypothesisGenerator ACTIVATED for payload: {'query': 'بيانات (x,y):\n1,3\n2,5\n3,7\n4,9\n\nكو...
[2026-01-16 03:04:03.443016] HypothesisGenerator ACTIVATED for payload: {'query': 'بيانات (x,y):\n1,3\n2,5\n3,7\n4,9\n\nكو...
[2026-01-16 05:36:17.971991] HypothesisGenerator ACTIVATED for payload: {'input': 'What is 2+2? Explain briefly.', 'metada...
[2026-01-16 05:36:17.980717] HypothesisGenerator ACTIVATED for payload: {'input': 'What is 2+2? Explain briefly.', 'metada...
[2026-01-16 05:40:37.894367] HypothesisGenerator ACTIVATED for payload: {'input': 'What is 2+2? Explain briefly.', 'metada...
[2026-01-16 05:40:37.904035] HypothesisGenerator ACTIVATED for payload: {'input': 'What is 2+2? Explain briefly.', 'metada...
[2026-01-16 05:49:22.536341] HypothesisGenerator ACTIVATED for payload: {'topic': 'Action taken for تحليل المتطلبات وصياغة...
[2026-01-16 05:50:42.538478] HypothesisGenerator ACTIVATED for payload: {'topic': 'Action taken for تحليل المتطلبات وصياغة...
[2026-01-16 05:53:14.589751] HypothesisGenerator ACTIVATED for payload: {'topic': 'Action taken for تحليل المتطلبات وصياغة...
[2026-01-16 05:54:24.756400] HypothesisGenerator ACTIVATED for payload: {'topic': 'Action taken for تحليل المتطلبات وصياغة...
[2026-01-16 06:00:59.154059] HypothesisGenerator ACTIVATED for payload: {'topic': 'Action taken for تحليل المتطلبات وصياغة...
[2026-01-16 06:01:01.525021] HypothesisGenerator ACTIVATED for payload: {'topic': 'Action taken for تحليل المتطلبات وصياغة...
[2026-01-16 06:01:03.864506] HypothesisGenerator ACTIVATED for payload: {'topic': 'Action taken for تحليل المتطلبات وصياغة...
[2026-01-16 06:01:06.198974] HypothesisGenerator ACTIVATED for payload: {'topic': 'Action taken for تحليل المتطلبات وصياغة...
[2026-01-16 06:01:08.572272] HypothesisGenerator ACTIVATED for payload: {'topic': 'Action taken for تحليل المتطلبات وصياغة...
[2026-01-16 06:01:44.415147] HypothesisGenerator ACTIVATED for payload: {'topic': 'Action taken for تحليل المتطلبات وصياغة...
[2026-01-16 06:01:45.484409] HypothesisGenerator ACTIVATED for payload: {'topic': 'Action taken for تحليل المتطلبات وصياغة...
[2026-01-16 06:01:46.810785] HypothesisGenerator ACTIVATED for payload: {'topic': 'Action taken for تحليل المتطلبات وصياغة...
[2026-01-16 06:01:47.849095] HypothesisGenerator ACTIVATED for payload: {'topic': 'Action taken for تحليل المتطلبات وصياغة...
[2026-01-16 06:01:49.144930] HypothesisGenerator ACTIVATED for payload: {'topic': 'Action taken for تحليل المتطلبات وصياغة...
[2026-01-16 06:01:50.197151] HypothesisGenerator ACTIVATED for payload: {'topic': 'Action taken for تحليل المتطلبات وصياغة...
[2026-01-16 06:01:51.495543] HypothesisGenerator ACTIVATED for payload: {'topic': 'Action taken for تحليل المتطلبات وصياغة...
[2026-01-16 06:01:52.552365] HypothesisGenerator ACTIVATED for payload: {'topic': 'Action taken for تحليل المتطلبات وصياغة...
[2026-01-16 06:01:53.839468] HypothesisGenerator ACTIVATED for payload: {'topic': 'Action taken for تحليل المتطلبات وصياغة...
[2026-01-16 06:01:54.897642] HypothesisGenerator ACTIVATED for payload: {'topic': 'Action taken for تحليل المتطلبات وصياغة...
[2026-01-16 06:02:09.153581] HypothesisGenerator ACTIVATED for payload: {'topic': 'Action taken for تحليل المتطلبات وصياغة...
[2026-01-16 06:02:11.602939] HypothesisGenerator ACTIVATED for payload: {'topic': 'Action taken for تحليل المتطلبات وصياغة...
[2026-01-16 06:02:13.999239] HypothesisGenerator ACTIVATED for payload: {'topic': 'Action taken for تحليل المتطلبات وصياغة...
[2026-01-16 06:02:16.836849] HypothesisGenerator ACTIVATED for payload: {'topic': 'Action taken for تحليل المتطلبات وصياغة...
[2026-01-16 06:02:19.204489] HypothesisGenerator ACTIVATED for payload: {'topic': 'Action taken for تحليل المتطلبات وصياغة...
[2026-01-16 06:02:24.009203] HypothesisGenerator ACTIVATED for payload: {'topic': 'Action taken for تحليل المتطلبات وصياغة...
[2026-01-16 06:02:26.434701] HypothesisGenerator ACTIVATED for payload: {'topic': 'Action taken for تحليل المتطلبات وصياغة...
[2026-01-16 06:02:28.805004] HypothesisGenerator ACTIVATED for payload: {'topic': 'Action taken for تحليل المتطلبات وصياغة...
[2026-01-16 06:02:31.154508] HypothesisGenerator ACTIVATED for payload: {'topic': 'Action taken for تحليل المتطلبات وصياغة...
[2026-01-16 06:02:33.524429] HypothesisGenerator ACTIVATED for payload: {'topic': 'Action taken for تحليل المتطلبات وصياغة...
[2026-01-16 06:02:50.441024] HypothesisGenerator ACTIVATED for payload: {'topic': 'Action taken for تحليل المتطلبات وصياغة...
[2026-01-16 06:02:51.880646] HypothesisGenerator ACTIVATED for payload: {'topic': 'Action taken for تحليل المتطلبات وصياغة...
[2026-01-16 06:02:53.225313] HypothesisGenerator ACTIVATED for payload: {'topic': 'Action taken for تحليل المتطلبات وصياغة...
[2026-01-16 06:02:54.561393] HypothesisGenerator ACTIVATED for payload: {'topic': 'Action taken for تحليل المتطلبات وصياغة...
[2026-01-16 06:02:55.894117] HypothesisGenerator ACTIVATED for payload: {'topic': 'Action taken for تحليل المتطلبات وصياغة...
[2026-01-16 06:03:31.401434] HypothesisGenerator ACTIVATED for payload: {'topic': 'Action taken for تحليل المتطلبات وصياغة...
[2026-01-16 06:03:32.762779] HypothesisGenerator ACTIVATED for payload: {'topic': 'Action taken for تحليل المتطلبات وصياغة...
[2026-01-16 06:03:34.104986] HypothesisGenerator ACTIVATED for payload: {'topic': 'Action taken for تحليل المتطلبات وصياغة...
[2026-01-16 06:03:35.448508] HypothesisGenerator ACTIVATED for payload: {'topic': 'Action taken for تحليل المتطلبات وصياغة...
[2026-01-16 06:03:36.798664] HypothesisGenerator ACTIVATED for payload: {'topic': 'Action taken for تحليل المتطلبات وصياغة...
[2026-01-16 06:03:52.833187] HypothesisGenerator ACTIVATED for payload: {'topic': 'Action taken for تحليل المتطلبات وصياغة...
[2026-01-16 06:03:55.191560] HypothesisGenerator ACTIVATED for payload: {'topic': 'Action taken for تحليل المتطلبات وصياغة...
[2026-01-16 06:03:57.536984] HypothesisGenerator ACTIVATED for payload: {'topic': 'Action taken for تحليل المتطلبات وصياغة...
[2026-01-16 06:03:59.919858] HypothesisGenerator ACTIVATED for payload: {'topic': 'Action taken for تحليل المتطلبات وصياغة...
[2026-01-16 06:04:02.311203] HypothesisGenerator ACTIVATED for payload: {'topic': 'Action taken for تحليل المتطلبات وصياغة...
[2026-01-16 06:04:08.355753] HypothesisGenerator ACTIVATED for payload: {'topic': 'Action taken for تحليل المتطلبات وصياغة...
[2026-01-16 06:04:10.730716] HypothesisGenerator ACTIVATED for payload: {'topic': 'Action taken for تحليل المتطلبات وصياغة...
[2026-01-16 06:04:13.058491] HypothesisGenerator ACTIVATED for payload: {'topic': 'Action taken for تحليل المتطلبات وصياغة...
[2026-01-16 06:04:15.450554] HypothesisGenerator ACTIVATED for payload: {'topic': 'Action taken for تحليل المتطلبات وصياغة...
[2026-01-16 06:04:17.795763] HypothesisGenerator ACTIVATED for payload: {'topic': 'Action taken for تحليل المتطلبات وصياغة...
[2026-01-16 06:04:28.220301] HypothesisGenerator ACTIVATED for payload: {'topic': 'Action taken for تحليل المتطلبات وصياغة...
[2026-01-16 06:04:30.576889] HypothesisGenerator ACTIVATED for payload: {'topic': 'Action taken for تحليل المتطلبات وصياغة...
[2026-01-16 06:04:32.954677] HypothesisGenerator ACTIVATED for payload: {'topic': 'Action taken for تحليل المتطلبات وصياغة...
[2026-01-16 06:04:34.269465] HypothesisGenerator ACTIVATED for payload: {'topic': 'Action taken for تحليل المتطلبات وصياغة...
[2026-01-16 06:04:35.295417] HypothesisGenerator ACTIVATED for payload: {'topic': 'Action taken for تحليل المتطلبات وصياغة...
[2026-01-16 06:04:35.612500] HypothesisGenerator ACTIVATED for payload: {'topic': 'Action taken for تحليل المتطلبات وصياغة...
[2026-01-16 06:04:36.960623] HypothesisGenerator ACTIVATED for payload: {'topic': 'Action taken for تحليل المتطلبات وصياغة...
[2026-01-16 06:04:37.633051] HypothesisGenerator ACTIVATED for payload: {'topic': 'Action taken for تحليل المتطلبات وصياغة...
[2026-01-16 06:04:38.350578] HypothesisGenerator ACTIVATED for payload: {'topic': 'Action taken for تحليل المتطلبات وصياغة...
[2026-01-16 06:04:39.680180] HypothesisGenerator ACTIVATED for payload: {'topic': 'Action taken for تحليل المتطلبات وصياغة...
[2026-01-16 06:05:08.243866] HypothesisGenerator ACTIVATED for payload: {'topic': 'Action taken for تحليل المتطلبات وصياغة...
[2026-01-16 06:05:10.570063] HypothesisGenerator ACTIVATED for payload: {'topic': 'Action taken for تحليل المتطلبات وصياغة...
[2026-01-16 06:05:12.921051] HypothesisGenerator ACTIVATED for payload: {'topic': 'Action taken for تحليل المتطلبات وصياغة...
[2026-01-16 06:05:15.254661] HypothesisGenerator ACTIVATED for payload: {'topic': 'Action taken for تحليل المتطلبات وصياغة...
[2026-01-16 06:05:17.581837] HypothesisGenerator ACTIVATED for payload: {'topic': 'Action taken for تحليل المتطلبات وصياغة...
[2026-01-16 06:05:44.896656] HypothesisGenerator ACTIVATED for payload: {'topic': 'Action taken for تحليل المتطلبات وصياغة...
[2026-01-16 06:05:47.280722] HypothesisGenerator ACTIVATED for payload: {'topic': 'Action taken for تحليل المتطلبات وصياغة...
[2026-01-16 06:05:49.645795] HypothesisGenerator ACTIVATED for payload: {'topic': 'Action taken for تحليل المتطلبات وصياغة...
[2026-01-16 06:05:51.981658] HypothesisGenerator ACTIVATED for payload: {'topic': 'Action taken for تحليل المتطلبات وصياغة...
[2026-01-16 06:05:54.300701] HypothesisGenerator ACTIVATED for payload: {'topic': 'Action taken for تحليل المتطلبات وصياغة...
[2026-01-16 06:06:25.472614] HypothesisGenerator ACTIVATED for payload: {'topic': 'Action taken for تحليل المتطلبات وصياغة...
[2026-01-16 06:06:26.885469] HypothesisGenerator ACTIVATED for payload: {'topic': 'Action taken for تحليل المتطلبات وصياغة...
[2026-01-16 06:06:28.226563] HypothesisGenerator ACTIVATED for payload: {'topic': 'Action taken for تحليل المتطلبات وصياغة...
[2026-01-16 06:06:29.563577] HypothesisGenerator ACTIVATED for payload: {'topic': 'Action taken for تحليل المتطلبات وصياغة...
[2026-01-16 06:06:30.900704] HypothesisGenerator ACTIVATED for payload: {'topic': 'Action taken for تحليل المتطلبات وصياغة...
[2026-01-16 06:06:39.991902] HypothesisGenerator ACTIVATED for payload: {'topic': 'Action taken for تحليل المتطلبات وصياغة...
[2026-01-16 06:06:41.324427] HypothesisGenerator ACTIVATED for payload: {'topic': 'Action taken for تحليل المتطلبات وصياغة...
[2026-01-16 06:06:42.677480] HypothesisGenerator ACTIVATED for payload: {'topic': 'Action taken for تحليل المتطلبات وصياغة...
[2026-01-16 06:06:44.018481] HypothesisGenerator ACTIVATED for payload: {'topic': 'Action taken for تحليل المتطلبات وصياغة...
[2026-01-16 06:06:45.355935] HypothesisGenerator ACTIVATED for payload: {'topic': 'Action taken for تحليل المتطلبات وصياغة...
[2026-01-16 06:06:50.071966] HypothesisGenerator ACTIVATED for payload: {'topic': 'Action taken for تحليل المتطلبات وصياغة...
[2026-01-16 06:06:52.418786] HypothesisGenerator ACTIVATED for payload: {'topic': 'Action taken for تحليل المتطلبات وصياغة...
[2026-01-16 06:06:54.924305] HypothesisGenerator ACTIVATED for payload: {'topic': 'Action taken for تحليل المتطلبات وصياغة...
[2026-01-16 06:06:54.969050] HypothesisGenerator ACTIVATED for payload: {'topic': 'Action taken for تحليل المتطلبات وصياغة...
[2026-01-16 06:06:56.319609] HypothesisGenerator ACTIVATED for payload: {'topic': 'Action taken for تحليل المتطلبات وصياغة...
[2026-01-16 06:06:57.278227] HypothesisGenerator ACTIVATED for payload: {'topic': 'Action taken for تحليل المتطلبات وصياغة...
[2026-01-16 06:06:57.656891] HypothesisGenerator ACTIVATED for payload: {'topic': 'Action taken for تحليل المتطلبات وصياغة...
[2026-01-16 06:06:59.002352] HypothesisGenerator ACTIVATED for payload: {'topic': 'Action taken for تحليل المتطلبات وصياغة...
[2026-01-16 06:06:59.611211] HypothesisGenerator ACTIVATED for payload: {'topic': 'Action taken for تحليل المتطلبات وصياغة...
[2026-01-16 06:07:00.382612] HypothesisGenerator ACTIVATED for payload: {'topic': 'Action taken for تحليل المتطلبات وصياغة...
[2026-01-16 06:08:20.820645] HypothesisGenerator ACTIVATED for payload: {'topic': 'Action taken for تحليل المتطلبات وصياغة...
[2026-01-16 06:08:23.209712] HypothesisGenerator ACTIVATED for payload: {'topic': 'Action taken for تحليل المتطلبات وصياغة...
[2026-01-16 06:08:25.582438] HypothesisGenerator ACTIVATED for payload: {'topic': 'Action taken for تحليل المتطلبات وصياغة...
[2026-01-16 06:08:27.949571] HypothesisGenerator ACTIVATED for payload: {'topic': 'Action taken for تحليل المتطلبات وصياغة...
[2026-01-16 06:08:30.313308] HypothesisGenerator ACTIVATED for payload: {'topic': 'Action taken for تحليل المتطلبات وصياغة...
[2026-01-16 06:08:34.069226] HypothesisGenerator ACTIVATED for payload: {'topic': 'Action taken for تحليل المتطلبات وصياغة...
[2026-01-16 06:08:36.425939] HypothesisGenerator ACTIVATED for payload: {'topic': 'Action taken for تحليل المتطلبات وصياغة...
[2026-01-16 06:08:37.493466] HypothesisGenerator ACTIVATED for payload: {'topic': 'Action taken for تحليل المتطلبات وصياغة...
[2026-01-16 06:08:38.846675] HypothesisGenerator ACTIVATED for payload: {'topic': 'Action taken for تحليل المتطلبات وصياغة...
[2026-01-16 06:08:38.906427] HypothesisGenerator ACTIVATED for payload: {'topic': 'Action taken for تحليل المتطلبات وصياغة...
[2026-01-16 06:08:40.303875] HypothesisGenerator ACTIVATED for payload: {'topic': 'Action taken for تحليل المتطلبات وصياغة...
[2026-01-16 06:08:41.231154] HypothesisGenerator ACTIVATED for payload: {'topic': 'Action taken for تحليل المتطلبات وصياغة...
[2026-01-16 06:08:41.666428] HypothesisGenerator ACTIVATED for payload: {'topic': 'Action taken for تحليل المتطلبات وصياغة...
[2026-01-16 06:08:43.015094] HypothesisGenerator ACTIVATED for payload: {'topic': 'Action taken for تحليل المتطلبات وصياغة...
[2026-01-16 06:08:43.576752] HypothesisGenerator ACTIVATED for payload: {'topic': 'Action taken for تحليل المتطلبات وصياغة...
[2026-01-16 06:09:39.228513] HypothesisGenerator ACTIVATED for payload: {'topic': 'Action taken for تحليل المتطلبات وصياغة...
[2026-01-16 06:09:41.631614] HypothesisGenerator ACTIVATED for payload: {'topic': 'Action taken for تحليل المتطلبات وصياغة...
[2026-01-16 06:09:44.003619] HypothesisGenerator ACTIVATED for payload: {'topic': 'Action taken for تحليل المتطلبات وصياغة...
[2026-01-16 06:09:46.341628] HypothesisGenerator ACTIVATED for payload: {'topic': 'Action taken for تحليل المتطلبات وصياغة...
[2026-01-16 06:09:48.703081] HypothesisGenerator ACTIVATED for payload: {'topic': 'Action taken for تحليل المتطلبات وصياغة...
[2026-01-16 06:10:04.845237] HypothesisGenerator ACTIVATED for payload: {'topic': 'Action taken for تحليل المتطلبات وصياغة...
[2026-01-16 06:10:06.301944] HypothesisGenerator ACTIVATED for payload: {'topic': 'Action taken for تحليل المتطلبات وصياغة...
[2026-01-16 06:10:07.795263] HypothesisGenerator ACTIVATED for payload: {'topic': 'Action taken for تحليل المتطلبات وصياغة...
[2026-01-16 06:10:09.267387] HypothesisGenerator ACTIVATED for payload: {'topic': 'Action taken for تحليل المتطلبات وصياغة...
[2026-01-16 06:10:10.725924] HypothesisGenerator ACTIVATED for payload: {'topic': 'Action taken for تحليل المتطلبات وصياغة...
[2026-01-16 06:10:14.611116] HypothesisGenerator ACTIVATED for payload: {'topic': 'Action taken for تحليل المتطلبات وصياغة...
[2026-01-16 06:10:16.959616] HypothesisGenerator ACTIVATED for payload: {'topic': 'Action taken for تحليل المتطلبات وصياغة...
[2026-01-16 06:10:19.314678] HypothesisGenerator ACTIVATED for payload: {'topic': 'Action taken for تحليل المتطلبات وصياغة...
[2026-01-16 06:10:21.676714] HypothesisGenerator ACTIVATED for payload: {'topic': 'Action taken for تحليل المتطلبات وصياغة...
[2026-01-16 06:10:24.015917] HypothesisGenerator ACTIVATED for payload: {'topic': 'Action taken for تحليل المتطلبات وصياغة...
[2026-01-16 06:10:54.761585] HypothesisGenerator ACTIVATED for payload: {'topic': 'Action taken for تحليل المتطلبات وصياغة...
[2026-01-16 06:10:57.135643] HypothesisGenerator ACTIVATED for payload: {'topic': 'Action taken for تحليل المتطلبات وصياغة...
[2026-01-16 06:10:59.489613] HypothesisGenerator ACTIVATED for payload: {'topic': 'Action taken for تحليل المتطلبات وصياغة...
[2026-01-16 06:11:01.817615] HypothesisGenerator ACTIVATED for payload: {'topic': 'Action taken for تحليل المتطلبات وصياغة...
[2026-01-16 06:11:04.147434] HypothesisGenerator ACTIVATED for payload: {'topic': 'Action taken for تحليل المتطلبات وصياغة...
[2026-01-16 06:11:33.752234] HypothesisGenerator ACTIVATED for payload: {'topic': 'Action taken for تحليل المتطلبات وصياغة...
[2026-01-16 06:11:35.124154] HypothesisGenerator ACTIVATED for payload: {'topic': 'Action taken for تحليل المتطلبات وصياغة...
[2026-01-16 06:11:36.462911] HypothesisGenerator ACTIVATED for payload: {'topic': 'Action taken for تحليل المتطلبات وصياغة...
[2026-01-16 06:11:37.805425] HypothesisGenerator ACTIVATED for payload: {'topic': 'Action taken for تحليل المتطلبات وصياغة...
[2026-01-16 06:11:39.147521] HypothesisGenerator ACTIVATED for payload: {'topic': 'Action taken for تحليل المتطلبات وصياغة...
[2026-01-16 06:11:44.038860] HypothesisGenerator ACTIVATED for payload: {'topic': 'Action taken for تحليل المتطلبات وصياغة...
[2026-01-16 06:11:46.450933] HypothesisGenerator ACTIVATED for payload: {'topic': 'Action taken for تحليل المتطلبات وصياغة...
[2026-01-16 06:11:48.788051] HypothesisGenerator ACTIVATED for payload: {'topic': 'Action taken for تحليل المتطلبات وصياغة...
[2026-01-16 06:11:51.136916] HypothesisGenerator ACTIVATED for payload: {'topic': 'Action taken for تحليل المتطلبات وصياغة...
[2026-01-16 06:11:53.467480] HypothesisGenerator ACTIVATED for payload: {'topic': 'Action taken for تحليل المتطلبات وصياغة...
[2026-01-16 06:12:22.104770] HypothesisGenerator ACTIVATED for payload: {'topic': 'Action taken for تحليل المتطلبات وصياغة...
[2026-01-16 06:12:24.498647] HypothesisGenerator ACTIVATED for payload: {'topic': 'Action taken for تحليل المتطلبات وصياغة...
[2026-01-16 06:12:26.954005] HypothesisGenerator ACTIVATED for payload: {'topic': 'Action taken for تحليل المتطلبات وصياغة...
[2026-01-16 06:12:29.309666] HypothesisGenerator ACTIVATED for payload: {'topic': 'Action taken for تحليل المتطلبات وصياغة...
[2026-01-16 06:12:31.645177] HypothesisGenerator ACTIVATED for payload: {'topic': 'Action taken for تحليل المتطلبات وصياغة...
[2026-01-16 06:13:53.627223] HypothesisGenerator ACTIVATED for payload: {'topic': 'Action taken for تحليل المتطلبات وصياغة...
[2026-01-16 06:13:55.053331] HypothesisGenerator ACTIVATED for payload: {'topic': 'Action taken for تحليل المتطلبات وصياغة...
[2026-01-16 06:13:55.882806] HypothesisGenerator ACTIVATED for payload: {'topic': 'Action taken for تحليل المتطلبات وصياغة...
[2026-01-16 06:13:56.443120] HypothesisGenerator ACTIVATED for payload: {'topic': 'Action taken for تحليل المتطلبات وصياغة...
[2026-01-16 06:13:57.810228] HypothesisGenerator ACTIVATED for payload: {'topic': 'Action taken for تحليل المتطلبات وصياغة...
[2026-01-16 06:13:58.239738] HypothesisGenerator ACTIVATED for payload: {'topic': 'Action taken for تحليل المتطلبات وصياغة...
[2026-01-16 06:13:59.185810] HypothesisGenerator ACTIVATED for payload: {'topic': 'Action taken for تحليل المتطلبات وصياغة...
[2026-01-16 06:14:00.651557] HypothesisGenerator ACTIVATED for payload: {'topic': 'Action taken for تحليل المتطلبات وصياغة...
[2026-01-16 06:14:03.037385] HypothesisGenerator ACTIVATED for payload: {'topic': 'Action taken for تحليل المتطلبات وصياغة...
[2026-01-16 06:14:05.399079] HypothesisGenerator ACTIVATED for payload: {'topic': 'Action taken for تحليل المتطلبات وصياغة...
[2026-01-16 06:14:10.919520] HypothesisGenerator ACTIVATED for payload: {'topic': 'Action taken for تحليل المتطلبات وصياغة...
[2026-01-16 06:14:13.283680] HypothesisGenerator ACTIVATED for payload: {'topic': 'Action taken for تحليل المتطلبات وصياغة...
[2026-01-16 06:14:15.653959] HypothesisGenerator ACTIVATED for payload: {'topic': 'Action taken for تحليل المتطلبات وصياغة...
[2026-01-16 06:14:18.000819] HypothesisGenerator ACTIVATED for payload: {'topic': 'Action taken for تحليل المتطلبات وصياغة...
[2026-01-16 06:14:20.335793] HypothesisGenerator ACTIVATED for payload: {'topic': 'Action taken for تحليل المتطلبات وصياغة...
[2026-01-16 06:14:48.265019] HypothesisGenerator ACTIVATED for payload: {'topic': 'Action taken for تحليل المتطلبات وصياغة...
[2026-01-16 06:14:49.636550] HypothesisGenerator ACTIVATED for payload: {'topic': 'Action taken for تحليل المتطلبات وصياغة...
[2026-01-16 06:14:50.981715] HypothesisGenerator ACTIVATED for payload: {'topic': 'Action taken for تحليل المتطلبات وصياغة...
[2026-01-16 06:14:52.335290] HypothesisGenerator ACTIVATED for payload: {'topic': 'Action taken for تحليل المتطلبات وصياغة...
[2026-01-16 06:14:53.690524] HypothesisGenerator ACTIVATED for payload: {'topic': 'Action taken for تحليل المتطلبات وصياغة...
[2026-01-16 06:15:10.903301] HypothesisGenerator ACTIVATED for payload: {'topic': 'Action taken for تحليل المتطلبات وصياغة...
[2026-01-16 06:15:13.299009] HypothesisGenerator ACTIVATED for payload: {'topic': 'Action taken for تحليل المتطلبات وصياغة...
[2026-01-16 06:15:15.662878] HypothesisGenerator ACTIVATED for payload: {'topic': 'Action taken for تحليل المتطلبات وصياغة...
[2026-01-16 06:15:18.013746] HypothesisGenerator ACTIVATED for payload: {'topic': 'Action taken for تحليل المتطلبات وصياغة...
[2026-01-16 06:15:20.347963] HypothesisGenerator ACTIVATED for payload: {'topic': 'Action taken for تحليل المتطلبات وصياغة...
[2026-01-16 06:15:38.275174] HypothesisGenerator ACTIVATED for payload: {'topic': 'Action taken for تحليل المتطلبات وصياغة...
[2026-01-16 06:15:40.607803] HypothesisGenerator ACTIVATED for payload: {'topic': 'Action taken for تحليل المتطلبات وصياغة...
[2026-01-16 06:15:42.979208] HypothesisGenerator ACTIVATED for payload: {'topic': 'Action taken for تحليل المتطلبات وصياغة...
[2026-01-16 06:15:45.336346] HypothesisGenerator ACTIVATED for payload: {'topic': 'Action taken for تحليل المتطلبات وصياغة...
[2026-01-16 06:15:47.669925] HypothesisGenerator ACTIVATED for payload: {'topic': 'Action taken for تحليل المتطلبات وصياغة...
[2026-01-16 06:16:10.921945] HypothesisGenerator ACTIVATED for payload: {'topic': 'Action taken for تحليل المتطلبات وصياغة...
[2026-01-16 06:16:12.358796] HypothesisGenerator ACTIVATED for payload: {'topic': 'Action taken for تحليل المتطلبات وصياغة...
[2026-01-16 06:16:13.718410] HypothesisGenerator ACTIVATED for payload: {'topic': 'Action taken for تحليل المتطلبات وصياغة...
[2026-01-16 06:16:15.074665] HypothesisGenerator ACTIVATED for payload: {'topic': 'Action taken for تحليل المتطلبات وصياغة...
[2026-01-16 06:16:16.437184] HypothesisGenerator ACTIVATED for payload: {'topic': 'Action taken for تحليل المتطلبات وصياغة...
[2026-01-16 06:16:38.339691] HypothesisGenerator ACTIVATED for payload: {'topic': 'Action taken for تحليل المتطلبات وصياغة...
[2026-01-16 06:16:40.676244] HypothesisGenerator ACTIVATED for payload: {'topic': 'Action taken for تحليل المتطلبات وصياغة...
[2026-01-16 06:16:43.012523] HypothesisGenerator ACTIVATED for payload: {'topic': 'Action taken for تحليل المتطلبات وصياغة...
[2026-01-16 06:16:45.356518] HypothesisGenerator ACTIVATED for payload: {'topic': 'Action taken for تحليل المتطلبات وصياغة...
[2026-01-16 06:16:47.695679] HypothesisGenerator ACTIVATED for payload: {'topic': 'Action taken for تحليل المتطلبات وصياغة...
[2026-01-16 06:17:17.075687] HypothesisGenerator ACTIVATED for payload: {'topic': 'Action taken for تحليل المتطلبات وصياغة...
[2026-01-16 06:17:19.437824] HypothesisGenerator ACTIVATED for payload: {'topic': 'Action taken for تحليل المتطلبات وصياغة...
[2026-01-16 06:17:21.834287] HypothesisGenerator ACTIVATED for payload: {'topic': 'Action taken for تحليل المتطلبات وصياغة...
[2026-01-16 06:17:24.188885] HypothesisGenerator ACTIVATED for payload: {'topic': 'Action taken for تحليل المتطلبات وصياغة...
[2026-01-16 06:17:26.524766] HypothesisGenerator ACTIVATED for payload: {'topic': 'Action taken for تحليل المتطلبات وصياغة...
[2026-01-16 06:17:40.739209] HypothesisGenerator ACTIVATED for payload: {'topic': 'Action taken for تحليل المتطلبات وصياغة...
[2026-01-16 06:17:42.186226] HypothesisGenerator ACTIVATED for payload: {'topic': 'Action taken for تحليل المتطلبات وصياغة...
[2026-01-16 06:17:43.618926] HypothesisGenerator ACTIVATED for payload: {'topic': 'Action taken for تحليل المتطلبات وصياغة...
[2026-01-16 06:17:45.006145] HypothesisGenerator ACTIVATED for payload: {'topic': 'Action taken for تحليل المتطلبات وصياغة...
[2026-01-16 06:17:46.408813] HypothesisGenerator ACTIVATED for payload: {'topic': 'Action taken for تحليل المتطلبات وصياغة...
[2026-01-16 06:18:07.096592] HypothesisGenerator ACTIVATED for payload: {'topic': 'Action taken for تحليل المتطلبات وصياغة...
[2026-01-16 06:18:09.514647] HypothesisGenerator ACTIVATED for payload: {'topic': 'Action taken for تحليل المتطلبات وصياغة...
[2026-01-16 06:18:11.937373] HypothesisGenerator ACTIVATED for payload: {'topic': 'Action taken for تحليل المتطلبات وصياغة...
[2026-01-16 06:18:14.318581] HypothesisGenerator ACTIVATED for payload: {'topic': 'Action taken for تحليل المتطلبات وصياغة...
[2026-01-16 06:18:16.717350] HypothesisGenerator ACTIVATED for payload: {'topic': 'Action taken for تحليل المتطلبات وصياغة...
[2026-01-16 06:18:40.437282] HypothesisGenerator ACTIVATED for payload: {'topic': 'Action taken for تحليل المتطلبات وصياغة...
[2026-01-16 06:18:42.841148] HypothesisGenerator ACTIVATED for payload: {'topic': 'Action taken for تحليل المتطلبات وصياغة...
[2026-01-16 06:18:45.222729] HypothesisGenerator ACTIVATED for payload: {'topic': 'Action taken for تحليل المتطلبات وصياغة...
[2026-01-16 06:18:47.568154] HypothesisGenerator ACTIVATED for payload: {'topic': 'Action taken for تحليل المتطلبات وصياغة...
[2026-01-16 06:18:49.911460] HypothesisGenerator ACTIVATED for payload: {'topic': 'Action taken for تحليل المتطلبات وصياغة...
[2026-01-16 06:19:03.570854] HypothesisGenerator ACTIVATED for payload: {'topic': 'Action taken for تحليل المتطلبات وصياغة...
[2026-01-16 06:19:04.950399] HypothesisGenerator ACTIVATED for payload: {'topic': 'Action taken for تحليل المتطلبات وصياغة...
[2026-01-16 06:19:06.298069] HypothesisGenerator ACTIVATED for payload: {'topic': 'Action taken for تحليل المتطلبات وصياغة...
[2026-01-16 06:19:07.649303] HypothesisGenerator ACTIVATED for payload: {'topic': 'Action taken for تحليل المتطلبات وصياغة...
[2026-01-16 06:19:09.013198] HypothesisGenerator ACTIVATED for payload: {'topic': 'Action taken for تحليل المتطلبات وصياغة...
[2026-01-16 06:19:33.122244] HypothesisGenerator ACTIVATED for payload: {'topic': 'Action taken for تحليل المتطلبات وصياغة...
[2026-01-16 06:19:35.522690] HypothesisGenerator ACTIVATED for payload: {'topic': 'Action taken for تحليل المتطلبات وصياغة...
[2026-01-16 06:19:37.905895] HypothesisGenerator ACTIVATED for payload: {'topic': 'Action taken for تحليل المتطلبات وصياغة...
[2026-01-16 06:19:40.258216] HypothesisGenerator ACTIVATED for payload: {'topic': 'Action taken for تحليل المتطلبات وصياغة...
[2026-01-16 06:19:42.601091] HypothesisGenerator ACTIVATED for payload: {'topic': 'Action taken for تحليل المتطلبات وصياغة...
[2026-01-16 06:19:55.791133] HypothesisGenerator ACTIVATED for payload: {'topic': 'Action taken for تحليل المتطلبات وصياغة...
[2026-01-16 06:19:58.140828] HypothesisGenerator ACTIVATED for payload: {'topic': 'Action taken for تحليل المتطلبات وصياغة...
[2026-01-16 06:20:00.506911] HypothesisGenerator ACTIVATED for payload: {'topic': 'Action taken for تحليل المتطلبات وصياغة...
[2026-01-16 06:20:02.866402] HypothesisGenerator ACTIVATED for payload: {'topic': 'Action taken for تحليل المتطلبات وصياغة...
[2026-01-16 06:20:05.241756] HypothesisGenerator ACTIVATED for payload: {'topic': 'Action taken for تحليل المتطلبات وصياغة...
[2026-01-16 06:20:36.990390] HypothesisGenerator ACTIVATED for payload: {'topic': 'Action taken for تحليل المتطلبات وصياغة...
[2026-01-16 06:20:38.359788] HypothesisGenerator ACTIVATED for payload: {'topic': 'Action taken for تحليل المتطلبات وصياغة...
[2026-01-16 06:20:39.724560] HypothesisGenerator ACTIVATED for payload: {'topic': 'Action taken for تحليل المتطلبات وصياغة...
[2026-01-16 06:20:41.086545] HypothesisGenerator ACTIVATED for payload: {'topic': 'Action taken for تحليل المتطلبات وصياغة...
[2026-01-16 06:20:42.479268] HypothesisGenerator ACTIVATED for payload: {'topic': 'Action taken for تحليل المتطلبات وصياغة...
[2026-01-16 06:21:57.607158] HypothesisGenerator ACTIVATED for payload: {'topic': 'Action taken for تحليل المتطلبات وصياغة...
[2026-01-16 06:22:00.016539] HypothesisGenerator ACTIVATED for payload: {'topic': 'Action taken for تحليل المتطلبات وصياغة...
[2026-01-16 06:22:01.600549] HypothesisGenerator ACTIVATED for payload: {'topic': 'Action taken for تحليل المتطلبات وصياغة...
[2026-01-16 06:22:02.462269] HypothesisGenerator ACTIVATED for payload: {'topic': 'Action taken for تحليل المتطلبات وصياغة...
[2026-01-16 06:22:03.807643] HypothesisGenerator ACTIVATED for payload: {'topic': 'Action taken for تحليل المتطلبات وصياغة...
[2026-01-16 06:22:03.981343] HypothesisGenerator ACTIVATED for payload: {'topic': 'Action taken for تحليل المتطلبات وصياغة...
[2026-01-16 06:22:04.820717] HypothesisGenerator ACTIVATED for payload: {'topic': 'Action taken for تحليل المتطلبات وصياغة...
[2026-01-16 06:22:05.191352] HypothesisGenerator ACTIVATED for payload: {'topic': 'Action taken for تحليل المتطلبات وصياغة...
[2026-01-16 06:22:06.888988] HypothesisGenerator ACTIVATED for payload: {'topic': 'Action taken for تحليل المتطلبات وصياغة...
[2026-01-16 06:22:06.934015] HypothesisGenerator ACTIVATED for payload: {'topic': 'Action taken for تحليل المتطلبات وصياغة...
[2026-01-16 06:22:07.335949] HypothesisGenerator ACTIVATED for payload: {'topic': 'Action taken for تحليل المتطلبات وصياغة...
[2026-01-16 06:22:08.513780] HypothesisGenerator ACTIVATED for payload: {'topic': 'Action taken for تحليل المتطلبات وصياغة...
[2026-01-16 06:22:09.640443] HypothesisGenerator ACTIVATED for payload: {'topic': 'Action taken for تحليل المتطلبات وصياغة...
[2026-01-16 06:22:10.356094] HypothesisGenerator ACTIVATED for payload: {'topic': 'Action taken for تحليل المتطلبات وصياغة...
[2026-01-16 06:22:12.326176] HypothesisGenerator ACTIVATED for payload: {'topic': 'Action taken for تحليل المتطلبات وصياغة...
[2026-01-16 06:23:26.763624] HypothesisGenerator ACTIVATED for payload: {'topic': 'Action taken for تحليل المتطلبات وصياغة...
[2026-01-16 06:23:29.400420] HypothesisGenerator ACTIVATED for payload: {'topic': 'Action taken for تحليل المتطلبات وصياغة...
[2026-01-16 06:23:31.998137] HypothesisGenerator ACTIVATED for payload: {'topic': 'Action taken for تحليل المتطلبات وصياغة...
[2026-01-16 06:23:34.716682] HypothesisGenerator ACTIVATED for payload: {'topic': 'Action taken for تحليل المتطلبات وصياغة...
[2026-01-16 06:23:37.558076] HypothesisGenerator ACTIVATED for payload: {'topic': 'Action taken for تحليل المتطلبات وصياغة...
[2026-01-16 06:23:49.438789] HypothesisGenerator ACTIVATED for payload: {'topic': 'Action taken for تحليل المتطلبات وصياغة...
[2026-01-16 06:23:51.404743] HypothesisGenerator ACTIVATED for payload: {'topic': 'Action taken for تحليل المتطلبات وصياغة...
[2026-01-16 06:23:53.409895] HypothesisGenerator ACTIVATED for payload: {'topic': 'Action taken for تحليل المتطلبات وصياغة...
[2026-01-16 06:23:55.416048] HypothesisGenerator ACTIVATED for payload: {'topic': 'Action taken for تحليل المتطلبات وصياغة...
[2026-01-16 06:23:57.364018] HypothesisGenerator ACTIVATED for payload: {'topic': 'Action taken for تحليل المتطلبات وصياغة...
[2026-01-16 06:24:32.212194] HypothesisGenerator ACTIVATED for payload: {'topic': 'Action taken for تحليل المتطلبات وصياغة...
[2026-01-16 06:24:35.181915] HypothesisGenerator ACTIVATED for payload: {'topic': 'Action taken for تحليل المتطلبات وصياغة...
[2026-01-16 06:24:38.088427] HypothesisGenerator ACTIVATED for payload: {'topic': 'Action taken for تحليل المتطلبات وصياغة...
[2026-01-16 06:24:40.663301] HypothesisGenerator ACTIVATED for payload: {'topic': 'Action taken for تحليل المتطلبات وصياغة...
[2026-01-16 06:24:43.159599] HypothesisGenerator ACTIVATED for payload: {'topic': 'Action taken for تحليل المتطلبات وصياغة...
[2026-01-16 06:25:34.848198] HypothesisGenerator ACTIVATED for payload: {'topic': 'Action taken for تحليل المتطلبات وصياغة...
[2026-01-16 06:25:36.649644] HypothesisGenerator ACTIVATED for payload: {'topic': 'Action taken for تحليل المتطلبات وصياغة...
[2026-01-16 06:25:38.237659] HypothesisGenerator ACTIVATED for payload: {'topic': 'Action taken for تحليل المتطلبات وصياغة...
[2026-01-16 06:25:39.824343] HypothesisGenerator ACTIVATED for payload: {'topic': 'Action taken for تحليل المتطلبات وصياغة...
[2026-01-16 06:25:41.479493] HypothesisGenerator ACTIVATED for payload: {'topic': 'Action taken for تحليل المتطلبات وصياغة...
[2026-01-16 06:26:44.140541] HypothesisGenerator ACTIVATED for payload: {'topic': 'Action taken for تحليل المتطلبات وصياغة...
[2026-01-16 06:26:47.220144] HypothesisGenerator ACTIVATED for payload: {'topic': 'Action taken for تحليل المتطلبات وصياغة...
[2026-01-16 06:26:50.267380] HypothesisGenerator ACTIVATED for payload: {'topic': 'Action taken for تحليل المتطلبات وصياغة...
[2026-01-16 06:26:53.372011] HypothesisGenerator ACTIVATED for payload: {'topic': 'Action taken for تحليل المتطلبات وصياغة...
[2026-01-16 06:26:56.353269] HypothesisGenerator ACTIVATED for payload: {'topic': 'Action taken for تحليل المتطلبات وصياغة...
[2026-01-16 06:27:01.270809] HypothesisGenerator ACTIVATED for payload: {'topic': 'Action taken for تحليل المتطلبات وصياغة...
[2026-01-16 06:27:04.250391] HypothesisGenerator ACTIVATED for payload: {'topic': 'Action taken for تحليل المتطلبات وصياغة...
[2026-01-16 06:27:07.303760] HypothesisGenerator ACTIVATED for payload: {'topic': 'Action taken for تحليل المتطلبات وصياغة...
[2026-01-16 06:27:09.913884] HypothesisGenerator ACTIVATED for payload: {'topic': 'Action taken for تحليل المتطلبات وصياغة...
[2026-01-16 06:27:12.489206] HypothesisGenerator ACTIVATED for payload: {'topic': 'Action taken for تحليل المتطلبات وصياغة...
[2026-01-16 06:27:51.316690] HypothesisGenerator ACTIVATED for payload: {'topic': 'Action taken for تحليل المتطلبات وصياغة...
[2026-01-16 06:27:53.147633] HypothesisGenerator ACTIVATED for payload: {'topic': 'Action taken for تحليل المتطلبات وصياغة...
[2026-01-16 06:27:54.860300] HypothesisGenerator ACTIVATED for payload: {'topic': 'Action taken for تحليل المتطلبات وصياغة...
[2026-01-16 06:27:56.510017] HypothesisGenerator ACTIVATED for payload: {'topic': 'Action taken for تحليل المتطلبات وصياغة...
[2026-01-16 06:27:58.265205] HypothesisGenerator ACTIVATED for payload: {'topic': 'Action taken for تحليل المتطلبات وصياغة...
[2026-01-16 06:28:23.541237] HypothesisGenerator ACTIVATED for payload: {'topic': 'Action taken for تحليل المتطلبات وصياغة...
[2026-01-16 06:28:26.068492] HypothesisGenerator ACTIVATED for payload: {'topic': 'Action taken for تحليل المتطلبات وصياغة...
[2026-01-16 06:28:28.745812] HypothesisGenerator ACTIVATED for payload: {'topic': 'Action taken for تحليل المتطلبات وصياغة...
[2026-01-16 06:28:31.632168] HypothesisGenerator ACTIVATED for payload: {'topic': 'Action taken for تحليل المتطلبات وصياغة...
[2026-01-16 06:28:34.520229] HypothesisGenerator ACTIVATED for payload: {'topic': 'Action taken for تحليل المتطلبات وصياغة...
[2026-01-16 06:28:38.714028] HypothesisGenerator ACTIVATED for payload: {'topic': 'Action taken for تحليل المتطلبات وصياغة...
[2026-01-16 06:28:41.493796] HypothesisGenerator ACTIVATED for payload: {'topic': 'Action taken for تحليل المتطلبات وصياغة...
[2026-01-16 06:28:44.597600] HypothesisGenerator ACTIVATED for payload: {'topic': 'Action taken for تحليل المتطلبات وصياغة...
[2026-01-16 06:28:47.251381] HypothesisGenerator ACTIVATED for payload: {'topic': 'Action taken for تحليل المتطلبات وصياغة...
[2026-01-16 06:28:49.997461] HypothesisGenerator ACTIVATED for payload: {'topic': 'Action taken for تحليل المتطلبات وصياغة...
[2026-01-16 06:29:18.527813] HypothesisGenerator ACTIVATED for payload: {'topic': 'Action taken for تحليل المتطلبات وصياغة...
[2026-01-16 06:29:20.339796] HypothesisGenerator ACTIVATED for payload: {'topic': 'Action taken for تحليل المتطلبات وصياغة...
[2026-01-16 06:29:22.105982] HypothesisGenerator ACTIVATED for payload: {'topic': 'Action taken for تحليل المتطلبات وصياغة...
[2026-01-16 06:29:23.806445] HypothesisGenerator ACTIVATED for payload: {'topic': 'Action taken for تحليل المتطلبات وصياغة...
[2026-01-16 06:29:25.590855] HypothesisGenerator ACTIVATED for payload: {'topic': 'Action taken for تحليل المتطلبات وصياغة...
[2026-01-16 06:29:58.059822] HypothesisGenerator ACTIVATED for payload: {'topic': 'Action taken for تحليل المتطلبات وصياغة...
[2026-01-16 06:30:04.319247] HypothesisGenerator ACTIVATED for payload: {'topic': 'Action taken for تحليل المتطلبات وصياغة...
[2026-01-16 06:30:07.461773] HypothesisGenerator ACTIVATED for payload: {'topic': 'Action taken for تحليل المتطلبات وصياغة...
[2026-01-16 06:30:10.338293] HypothesisGenerator ACTIVATED for payload: {'topic': 'Action taken for تحليل المتطلبات وصياغة...
[2026-01-16 06:30:11.670683] HypothesisGenerator ACTIVATED for payload: {'topic': 'Action taken for تحليل المتطلبات وصياغة...
[2026-01-16 06:30:13.132602] HypothesisGenerator ACTIVATED for payload: {'topic': 'Action taken for تحليل المتطلبات وصياغة...
[2026-01-16 06:30:16.306509] HypothesisGenerator ACTIVATED for payload: {'topic': 'Action taken for تحليل المتطلبات وصياغة...
[2026-01-16 06:30:19.466733] HypothesisGenerator ACTIVATED for payload: {'topic': 'Action taken for تحليل المتطلبات وصياغة...
[2026-01-16 06:30:22.291195] HypothesisGenerator ACTIVATED for payload: {'topic': 'Action taken for تحليل المتطلبات وصياغة...
[2026-01-16 06:30:25.086077] HypothesisGenerator ACTIVATED for payload: {'topic': 'Action taken for تحليل المتطلبات وصياغة...
[2026-01-16 06:30:44.480455] HypothesisGenerator ACTIVATED for payload: {'topic': 'Action taken for تحليل المتطلبات وصياغة...
[2026-01-16 06:30:46.515925] HypothesisGenerator ACTIVATED for payload: {'topic': 'Action taken for تحليل المتطلبات وصياغة...
[2026-01-16 06:30:48.191230] HypothesisGenerator ACTIVATED for payload: {'topic': 'Action taken for تحليل المتطلبات وصياغة...
[2026-01-16 06:30:50.038222] HypothesisGenerator ACTIVATED for payload: {'topic': 'Action taken for تحليل المتطلبات وصياغة...
[2026-01-16 06:30:52.699151] HypothesisGenerator ACTIVATED for payload: {'topic': 'Action taken for تحليل المتطلبات وصياغة...
[2026-01-16 06:31:45.563610] HypothesisGenerator ACTIVATED for payload: {'topic': 'Action taken for تحليل المتطلبات وصياغة...
[2026-01-16 06:31:47.672001] HypothesisGenerator ACTIVATED for payload: {'topic': 'Action taken for تحليل المتطلبات وصياغة...
[2026-01-16 06:31:49.320109] HypothesisGenerator ACTIVATED for payload: {'topic': 'Action taken for تحليل المتطلبات وصياغة...
[2026-01-16 06:31:49.967237] HypothesisGenerator ACTIVATED for payload: {'topic': 'Action taken for تحليل المتطلبات وصياغة...
[2026-01-16 06:31:52.001823] HypothesisGenerator ACTIVATED for payload: {'topic': 'Action taken for تحليل المتطلبات وصياغة...
[2026-01-16 06:31:52.291235] HypothesisGenerator ACTIVATED for payload: {'topic': 'Action taken for تحليل المتطلبات وصياغة...
[2026-01-16 06:31:53.267662] HypothesisGenerator ACTIVATED for payload: {'topic': 'Action taken for تحليل المتطلبات وصياغة...
[2026-01-16 06:31:54.009090] HypothesisGenerator ACTIVATED for payload: {'topic': 'Action taken for تحليل المتطلبات وصياغة...
[2026-01-16 06:31:55.141819] HypothesisGenerator ACTIVATED for payload: {'topic': 'Action taken for تحليل المتطلبات وصياغة...
[2026-01-16 06:31:56.319014] HypothesisGenerator ACTIVATED for payload: {'topic': 'Action taken for تحليل المتطلبات وصياغة...
[2026-01-16 06:31:58.077745] HypothesisGenerator ACTIVATED for payload: {'topic': 'Action taken for تحليل المتطلبات وصياغة...
[2026-01-16 06:31:59.306852] HypothesisGenerator ACTIVATED for payload: {'topic': 'Action taken for تحليل المتطلبات وصياغة...
[2026-01-16 06:32:00.842493] HypothesisGenerator ACTIVATED for payload: {'topic': 'Action taken for تحليل المتطلبات وصياغة...
[2026-01-16 06:32:02.455182] HypothesisGenerator ACTIVATED for payload: {'topic': 'Action taken for تحليل المتطلبات وصياغة...
[2026-01-16 06:32:05.358012] HypothesisGenerator ACTIVATED for payload: {'topic': 'Action taken for تحليل المتطلبات وصياغة...
[2026-01-16 06:32:19.174544] HypothesisGenerator ACTIVATED for payload: {'topic': 'Action taken for تحليل المتطلبات وصياغة...
[2026-01-16 06:32:21.165113] HypothesisGenerator ACTIVATED for payload: {'topic': 'Action taken for تحليل المتطلبات وصياغة...
[2026-01-16 06:32:22.895698] HypothesisGenerator ACTIVATED for payload: {'topic': 'Action taken for تحليل المتطلبات وصياغة...
[2026-01-16 06:32:24.830450] HypothesisGenerator ACTIVATED for payload: {'topic': 'Action taken for تحليل المتطلبات وصياغة...
[2026-01-16 06:32:26.639721] HypothesisGenerator ACTIVATED for payload: {'topic': 'Action taken for تحليل المتطلبات وصياغة...
[2026-01-16 06:33:13.462850] HypothesisGenerator ACTIVATED for payload: {'topic': 'Action taken for تحليل المتطلبات وصياغة...
[2026-01-16 06:33:16.162271] HypothesisGenerator ACTIVATED for payload: {'topic': 'Action taken for تحليل المتطلبات وصياغة...
[2026-01-16 06:33:18.875394] HypothesisGenerator ACTIVATED for payload: {'topic': 'Action taken for تحليل المتطلبات وصياغة...
[2026-01-16 06:33:21.466310] HypothesisGenerator ACTIVATED for payload: {'topic': 'Action taken for تحليل المتطلبات وصياغة...
[2026-01-16 06:33:24.133129] HypothesisGenerator ACTIVATED for payload: {'topic': 'Action taken for تحليل المتطلبات وصياغة...
[2026-01-16 06:33:33.755497] HypothesisGenerator ACTIVATED for payload: {'topic': 'Action taken for تحليل المتطلبات وصياغة...
[2026-01-16 06:33:36.710114] HypothesisGenerator ACTIVATED for payload: {'topic': 'Action taken for تحليل المتطلبات وصياغة...
[2026-01-16 06:33:39.437513] HypothesisGenerator ACTIVATED for payload: {'topic': 'Action taken for تحليل المتطلبات وصياغة...
[2026-01-16 06:33:42.124817] HypothesisGenerator ACTIVATED for payload: {'topic': 'Action taken for تحليل المتطلبات وصياغة...
[2026-01-16 06:33:42.685176] HypothesisGenerator ACTIVATED for payload: {'topic': 'Action taken for تحليل المتطلبات وصياغة...
[2026-01-16 06:33:44.049102] HypothesisGenerator ACTIVATED for payload: {'topic': 'Action taken for تحليل المتطلبات وصياغة...
[2026-01-16 06:33:45.447886] HypothesisGenerator ACTIVATED for payload: {'topic': 'Action taken for تحليل المتطلبات وصياغة...
[2026-01-16 06:33:45.894088] HypothesisGenerator ACTIVATED for payload: {'topic': 'Action taken for تحليل المتطلبات وصياغة...
[2026-01-16 06:33:48.023387] HypothesisGenerator ACTIVATED for payload: {'topic': 'Action taken for تحليل المتطلبات وصياغة...
[2026-01-16 06:33:50.106126] HypothesisGenerator ACTIVATED for payload: {'topic': 'Action taken for تحليل المتطلبات وصياغة...
[2026-01-16 06:33:50.497079] HypothesisGenerator ACTIVATED for payload: {'topic': 'Action taken for تحليل المتطلبات وصياغة...
[2026-01-16 06:33:52.197773] HypothesisGenerator ACTIVATED for payload: {'topic': 'Action taken for تحليل المتطلبات وصياغة...
[2026-01-16 06:33:54.273180] HypothesisGenerator ACTIVATED for payload: {'topic': 'Action taken for تحليل المتطلبات وصياغة...
[2026-01-16 06:33:56.098720] HypothesisGenerator ACTIVATED for payload: {'topic': 'Action taken for تحليل المتطلبات وصياغة...
[2026-01-16 06:33:58.010357] HypothesisGenerator ACTIVATED for payload: {'topic': 'Action taken for تحليل المتطلبات وصياغة...
[2026-01-16 06:34:01.483997] HypothesisGenerator ACTIVATED for payload: {'topic': 'Action taken for تحليل المتطلبات وصياغة...
[2026-01-16 06:34:03.275172] HypothesisGenerator ACTIVATED for payload: {'topic': 'Action taken for تحليل المتطلبات وصياغة...
[2026-01-16 06:34:05.099493] HypothesisGenerator ACTIVATED for payload: {'topic': 'Action taken for تحليل المتطلبات وصياغة...
[2026-01-16 06:34:06.937271] HypothesisGenerator ACTIVATED for payload: {'topic': 'Action taken for تحليل المتطلبات وصياغة...
[2026-01-16 06:34:08.998476] HypothesisGenerator ACTIVATED for payload: {'topic': 'Action taken for تحليل المتطلبات وصياغة...
[2026-01-16 06:34:28.566594] HypothesisGenerator ACTIVATED for payload: {'topic': 'Action taken for تحليل المتطلبات وصياغة...
[2026-01-16 06:34:30.318423] HypothesisGenerator ACTIVATED for payload: {'topic': 'Action taken for تحليل المتطلبات وصياغة...
[2026-01-16 06:34:32.198932] HypothesisGenerator ACTIVATED for payload: {'topic': 'Action taken for تحليل المتطلبات وصياغة...
[2026-01-16 06:34:34.005653] HypothesisGenerator ACTIVATED for payload: {'topic': 'Action taken for تحليل المتطلبات وصياغة...
[2026-01-16 06:34:35.824241] HypothesisGenerator ACTIVATED for payload: {'topic': 'Action taken for تحليل المتطلبات وصياغة...
[2026-01-16 06:34:53.408140] HypothesisGenerator ACTIVATED for payload: {'topic': 'Action taken for تحليل المتطلبات وصياغة...
[2026-01-16 06:34:56.470009] HypothesisGenerator ACTIVATED for payload: {'topic': 'Action taken for تحليل المتطلبات وصياغة...
[2026-01-16 06:34:59.253940] HypothesisGenerator ACTIVATED for payload: {'topic': 'Action taken for تحليل المتطلبات وصياغة...
[2026-01-16 06:35:01.975162] HypothesisGenerator ACTIVATED for payload: {'topic': 'Action taken for تحليل المتطلبات وصياغة...
[2026-01-16 06:35:05.073579] HypothesisGenerator ACTIVATED for payload: {'topic': 'Action taken for تحليل المتطلبات وصياغة...
[2026-01-16 06:36:05.198044] HypothesisGenerator ACTIVATED for payload: {'topic': 'Action taken for تحليل المتطلبات وصياغة...
[2026-01-16 06:36:08.439174] HypothesisGenerator ACTIVATED for payload: {'topic': 'Action taken for تحليل المتطلبات وصياغة...
[2026-01-16 06:36:08.877839] HypothesisGenerator ACTIVATED for payload: {'topic': 'Action taken for تحليل المتطلبات وصياغة...
[2026-01-16 06:36:11.057209] HypothesisGenerator ACTIVATED for payload: {'topic': 'Action taken for تحليل المتطلبات وصياغة...
[2026-01-16 06:36:11.594322] HypothesisGenerator ACTIVATED for payload: {'topic': 'Action taken for تحليل المتطلبات وصياغة...
[2026-01-16 06:36:12.962671] HypothesisGenerator ACTIVATED for payload: {'topic': 'Action taken for تحليل المتطلبات وصياغة...
[2026-01-16 06:36:14.422160] HypothesisGenerator ACTIVATED for payload: {'topic': 'Action taken for تحليل المتطلبات وصياغة...
[2026-01-16 06:36:14.623619] HypothesisGenerator ACTIVATED for payload: {'topic': 'Action taken for تحليل المتطلبات وصياغة...
[2026-01-16 06:36:16.350782] HypothesisGenerator ACTIVATED for payload: {'topic': 'Action taken for تحليل المتطلبات وصياغة...
[2026-01-16 06:36:17.040321] HypothesisGenerator ACTIVATED for payload: {'topic': 'Action taken for تحليل المتطلبات وصياغة...
[2026-01-16 06:37:22.035129] HypothesisGenerator ACTIVATED for payload: {'topic': 'Action taken for تحليل المتطلبات وصياغة...
[2026-01-16 06:37:24.634788] HypothesisGenerator ACTIVATED for payload: {'topic': 'Action taken for تحليل المتطلبات وصياغة...
[2026-01-16 06:37:27.427890] HypothesisGenerator ACTIVATED for payload: {'topic': 'Action taken for تحليل المتطلبات وصياغة...
[2026-01-16 06:37:30.125705] HypothesisGenerator ACTIVATED for payload: {'topic': 'Action taken for تحليل المتطلبات وصياغة...
[2026-01-16 06:37:32.846512] HypothesisGenerator ACTIVATED for payload: {'topic': 'Action taken for تحليل المتطلبات وصياغة...
[2026-01-16 06:37:50.505796] HypothesisGenerator ACTIVATED for payload: {'topic': 'Action taken for تحليل المتطلبات وصياغة...
[2026-01-16 06:37:52.710884] HypothesisGenerator ACTIVATED for payload: {'topic': 'Action taken for تحليل المتطلبات وصياغة...
[2026-01-16 06:37:57.312211] HypothesisGenerator ACTIVATED for payload: {'topic': 'Action taken for تحليل المتطلبات وصياغة...
[2026-01-16 06:38:00.270410] HypothesisGenerator ACTIVATED for payload: {'topic': 'Action taken for تحليل المتطلبات وصياغة...
[2026-01-16 06:38:01.391031] HypothesisGenerator ACTIVATED for payload: {'topic': 'Action taken for تحليل المتطلبات وصياغة...
[2026-01-16 06:38:03.383720] HypothesisGenerator ACTIVATED for payload: {'topic': 'Action taken for تحليل المتطلبات وصياغة...
[2026-01-16 06:38:03.509844] HypothesisGenerator ACTIVATED for payload: {'topic': 'Action taken for تحليل المتطلبات وصياغة...
[2026-01-16 06:38:05.623597] HypothesisGenerator ACTIVATED for payload: {'topic': 'Action taken for تحليل المتطلبات وصياغة...
[2026-01-16 06:38:06.668594] HypothesisGenerator ACTIVATED for payload: {'topic': 'Action taken for تحليل المتطلبات وصياغة...
[2026-01-16 06:38:07.842163] HypothesisGenerator ACTIVATED for payload: {'topic': 'Action taken for تحليل المتطلبات وصياغة...
[2026-01-16 06:38:09.754686] HypothesisGenerator ACTIVATED for payload: {'topic': 'Action taken for تحليل المتطلبات وصياغة...
[2026-01-16 06:38:09.810257] HypothesisGenerator ACTIVATED for payload: {'topic': 'Action taken for تحليل المتطلبات وصياغة...
[2026-01-16 06:38:23.556215] HypothesisGenerator ACTIVATED for payload: {'topic': 'Action taken for تحليل المتطلبات وصياغة...
[2026-01-16 06:38:25.777521] HypothesisGenerator ACTIVATED for payload: {'topic': 'Action taken for تحليل المتطلبات وصياغة...
[2026-01-16 06:38:27.833592] HypothesisGenerator ACTIVATED for payload: {'topic': 'Action taken for تحليل المتطلبات وصياغة...
[2026-01-16 06:38:29.692779] HypothesisGenerator ACTIVATED for payload: {'topic': 'Action taken for تحليل المتطلبات وصياغة...
[2026-01-16 06:38:31.530739] HypothesisGenerator ACTIVATED for payload: {'topic': 'Action taken for تحليل المتطلبات وصياغة...
[2026-01-16 06:38:42.759252] HypothesisGenerator ACTIVATED for payload: {'topic': 'Action taken for تحليل المتطلبات وصياغة...
[2026-01-16 06:38:44.448378] HypothesisGenerator ACTIVATED for payload: {'topic': 'Action taken for تحليل المتطلبات وصياغة...
[2026-01-16 06:38:46.259201] HypothesisGenerator ACTIVATED for payload: {'topic': 'Action taken for تحليل المتطلبات وصياغة...
[2026-01-16 06:38:47.910552] HypothesisGenerator ACTIVATED for payload: {'topic': 'Action taken for تحليل المتطلبات وصياغة...
[2026-01-16 06:38:49.526737] HypothesisGenerator ACTIVATED for payload: {'topic': 'Action taken for تحليل المتطلبات وصياغة...
[2026-01-16 06:39:02.659939] HypothesisGenerator ACTIVATED for payload: {'topic': 'Action taken for تحليل المتطلبات وصياغة...
[2026-01-16 06:39:04.819837] HypothesisGenerator ACTIVATED for payload: {'topic': 'Action taken for تحليل المتطلبات وصياغة...
[2026-01-16 06:39:07.065473] HypothesisGenerator ACTIVATED for payload: {'topic': 'Action taken for تحليل المتطلبات وصياغة...
[2026-01-16 06:39:09.398881] HypothesisGenerator ACTIVATED for payload: {'topic': 'Action taken for تحليل المتطلبات وصياغة...
[2026-01-16 06:39:09.911905] HypothesisGenerator ACTIVATED for payload: {'topic': 'Action taken for تحليل المتطلبات وصياغة...
[2026-01-16 06:39:11.503592] HypothesisGenerator ACTIVATED for payload: {'topic': 'Action taken for تحليل المتطلبات وصياغة...
[2026-01-16 06:39:12.081712] HypothesisGenerator ACTIVATED for payload: {'topic': 'Action taken for تحليل المتطلبات وصياغة...
[2026-01-16 06:39:14.275085] HypothesisGenerator ACTIVATED for payload: {'topic': 'Action taken for تحليل المتطلبات وصياغة...
[2026-01-16 06:39:23.444999] HypothesisGenerator ACTIVATED for payload: {'topic': 'Action taken for تحليل المتطلبات وصياغة...
[2026-01-16 06:39:26.504809] HypothesisGenerator ACTIVATED for payload: {'topic': 'Action taken for تحليل المتطلبات وصياغة...
[2026-01-16 06:39:29.770106] HypothesisGenerator ACTIVATED for payload: {'topic': 'Action taken for تحليل المتطلبات وصياغة...
[2026-01-16 06:39:32.951650] HypothesisGenerator ACTIVATED for payload: {'topic': 'Action taken for تحليل المتطلبات وصياغة...
[2026-01-16 06:39:36.234111] HypothesisGenerator ACTIVATED for payload: {'topic': 'Action taken for تحليل المتطلبات وصياغة...
[2026-01-16 20:34:50.652775] HypothesisGenerator ACTIVATED for payload: {'topic': 'Action taken for تحليل المتطلبات وصياغة...
[2026-01-16 20:36:25.912586] HypothesisGenerator ACTIVATED for payload: {'topic': 'Action taken for تحليل المتطلبات وصياغة...
[2026-01-16 20:36:27.424116] HypothesisGenerator ACTIVATED for payload: {'topic': 'Action taken for تحليل المتطلبات وصياغة...
[2026-01-16 20:36:28.897247] HypothesisGenerator ACTIVATED for payload: {'topic': 'Action taken for تحليل المتطلبات وصياغة...
[2026-01-16 20:36:30.367365] HypothesisGenerator ACTIVATED for payload: {'topic': 'Action taken for تحليل المتطلبات وصياغة...
[2026-01-16 20:36:31.772666] HypothesisGenerator ACTIVATED for payload: {'topic': 'Action taken for تحليل المتطلبات وصياغة...
[2026-01-16 20:36:41.920530] HypothesisGenerator ACTIVATED for payload: {'topic': 'Action taken for تحليل المتطلبات وصياغة...
[2026-01-16 20:36:43.445424] HypothesisGenerator ACTIVATED for payload: {'topic': 'Action taken for تحليل المتطلبات وصياغة...
[2026-01-16 20:36:44.965603] HypothesisGenerator ACTIVATED for payload: {'topic': 'Action taken for تحليل المتطلبات وصياغة...
[2026-01-16 20:36:46.461505] HypothesisGenerator ACTIVATED for payload: {'topic': 'Action taken for تحليل المتطلبات وصياغة...
[2026-01-16 20:36:47.959149] HypothesisGenerator ACTIVATED for payload: {'topic': 'Action taken for تحليل المتطلبات وصياغة...
[2026-01-16 20:36:58.647136] HypothesisGenerator ACTIVATED for payload: {'topic': 'Action taken for تحليل المتطلبات وصياغة...
[2026-01-16 20:37:00.164605] HypothesisGenerator ACTIVATED for payload: {'topic': 'Action taken for تحليل المتطلبات وصياغة...
[2026-01-16 20:37:01.720581] HypothesisGenerator ACTIVATED for payload: {'topic': 'Action taken for تحليل المتطلبات وصياغة...
[2026-01-16 20:37:03.220725] HypothesisGenerator ACTIVATED for payload: {'topic': 'Action taken for تحليل المتطلبات وصياغة...
[2026-01-16 20:37:04.701386] HypothesisGenerator ACTIVATED for payload: {'topic': 'Action taken for تحليل المتطلبات وصياغة...
[2026-01-16 20:37:17.799971] HypothesisGenerator ACTIVATED for payload: {'topic': 'Action taken for تحليل المتطلبات وصياغة...
[2026-01-16 20:37:19.338808] HypothesisGenerator ACTIVATED for payload: {'topic': 'Action taken for تحليل المتطلبات وصياغة...
[2026-01-16 20:37:20.832942] HypothesisGenerator ACTIVATED for payload: {'topic': 'Action taken for تحليل المتطلبات وصياغة...
[2026-01-16 20:37:22.267014] HypothesisGenerator ACTIVATED for payload: {'topic': 'Action taken for تحليل المتطلبات وصياغة...
[2026-01-16 20:37:23.674164] HypothesisGenerator ACTIVATED for payload: {'topic': 'Action taken for تحليل المتطلبات وصياغة...
[2026-01-16 20:37:48.221725] HypothesisGenerator ACTIVATED for payload: {'topic': 'Action taken for تحليل المتطلبات وصياغة...
[2026-01-16 20:37:49.785901] HypothesisGenerator ACTIVATED for payload: {'topic': 'Action taken for تحليل المتطلبات وصياغة...
[2026-01-16 20:37:51.312884] HypothesisGenerator ACTIVATED for payload: {'topic': 'Action taken for تحليل المتطلبات وصياغة...
[2026-01-16 20:37:52.847055] HypothesisGenerator ACTIVATED for payload: {'topic': 'Action taken for تحليل المتطلبات وصياغة...
[2026-01-16 20:37:54.383651] HypothesisGenerator ACTIVATED for payload: {'topic': 'Action taken for تحليل المتطلبات وصياغة...
[2026-01-16 20:38:07.826340] HypothesisGenerator ACTIVATED for payload: {'topic': 'Action taken for تحليل المتطلبات وصياغة...
[2026-01-16 20:38:09.446232] HypothesisGenerator ACTIVATED for payload: {'topic': 'Action taken for تحليل المتطلبات وصياغة...
[2026-01-16 20:38:10.917849] HypothesisGenerator ACTIVATED for payload: {'topic': 'Action taken for تحليل المتطلبات وصياغة...
[2026-01-16 20:38:12.352348] HypothesisGenerator ACTIVATED for payload: {'topic': 'Action taken for تحليل المتطلبات وصياغة...
[2026-01-16 20:38:13.832156] HypothesisGenerator ACTIVATED for payload: {'topic': 'Action taken for تحليل المتطلبات وصياغة...
[2026-01-16 20:38:43.115574] HypothesisGenerator ACTIVATED for payload: {'topic': 'Action taken for تحليل المتطلبات وصياغة...
[2026-01-16 20:38:44.785605] HypothesisGenerator ACTIVATED for payload: {'topic': 'Action taken for تحليل المتطلبات وصياغة...
[2026-01-16 20:38:46.300196] HypothesisGenerator ACTIVATED for payload: {'topic': 'Action taken for تحليل المتطلبات وصياغة...
[2026-01-16 20:38:47.794991] HypothesisGenerator ACTIVATED for payload: {'topic': 'Action taken for تحليل المتطلبات وصياغة...
[2026-01-16 20:38:49.314846] HypothesisGenerator ACTIVATED for payload: {'topic': 'Action taken for تحليل المتطلبات وصياغة...
[2026-01-16 20:39:06.877595] HypothesisGenerator ACTIVATED for payload: {'topic': 'Action taken for تحليل المتطلبات وصياغة...
[2026-01-16 20:39:08.728827] HypothesisGenerator ACTIVATED for payload: {'topic': 'Action taken for تحليل المتطلبات وصياغة...
[2026-01-16 20:39:10.349764] HypothesisGenerator ACTIVATED for payload: {'topic': 'Action taken for تحليل المتطلبات وصياغة...
[2026-01-16 20:39:11.914875] HypothesisGenerator ACTIVATED for payload: {'topic': 'Action taken for تحليل المتطلبات وصياغة...
[2026-01-16 20:39:13.512161] HypothesisGenerator ACTIVATED for payload: {'topic': 'Action taken for تحليل المتطلبات وصياغة...
[2026-01-16 20:39:32.971965] HypothesisGenerator ACTIVATED for payload: {'topic': 'Action taken for تحليل المتطلبات وصياغة...
[2026-01-16 20:39:34.595626] HypothesisGenerator ACTIVATED for payload: {'topic': 'Action taken for تحليل المتطلبات وصياغة...
[2026-01-16 20:39:36.256488] HypothesisGenerator ACTIVATED for payload: {'topic': 'Action taken for تحليل المتطلبات وصياغة...
[2026-01-16 20:39:37.767793] HypothesisGenerator ACTIVATED for payload: {'topic': 'Action taken for تحليل المتطلبات وصياغة...
[2026-01-16 20:39:39.320697] HypothesisGenerator ACTIVATED for payload: {'topic': 'Action taken for تحليل المتطلبات وصياغة...
[2026-01-16 20:40:01.529994] HypothesisGenerator ACTIVATED for payload: {'topic': 'Action taken for تحليل المتطلبات وصياغة...
[2026-01-16 20:40:03.203729] HypothesisGenerator ACTIVATED for payload: {'topic': 'Action taken for تحليل المتطلبات وصياغة...
[2026-01-16 20:40:04.790515] HypothesisGenerator ACTIVATED for payload: {'topic': 'Action taken for تحليل المتطلبات وصياغة...
[2026-01-16 20:40:06.495740] HypothesisGenerator ACTIVATED for payload: {'topic': 'Action taken for تحليل المتطلبات وصياغة...
[2026-01-16 20:40:08.356996] HypothesisGenerator ACTIVATED for payload: {'topic': 'Action taken for تحليل المتطلبات وصياغة...
[2026-01-16 20:40:24.270987] HypothesisGenerator ACTIVATED for payload: {'topic': 'Action taken for تحليل المتطلبات وصياغة...
[2026-01-16 20:40:25.901448] HypothesisGenerator ACTIVATED for payload: {'topic': 'Action taken for تحليل المتطلبات وصياغة...
[2026-01-16 20:40:27.492816] HypothesisGenerator ACTIVATED for payload: {'topic': 'Action taken for تحليل المتطلبات وصياغة...
[2026-01-16 20:40:29.037473] HypothesisGenerator ACTIVATED for payload: {'topic': 'Action taken for تحليل المتطلبات وصياغة...
[2026-01-16 20:40:30.618944] HypothesisGenerator ACTIVATED for payload: {'topic': 'Action taken for تحليل المتطلبات وصياغة...
[2026-01-16 20:40:51.647449] HypothesisGenerator ACTIVATED for payload: {'topic': 'Action taken for تحليل المتطلبات وصياغة...
[2026-01-16 20:40:53.429884] HypothesisGenerator ACTIVATED for payload: {'topic': 'Action taken for تحليل المتطلبات وصياغة...
[2026-01-16 20:40:54.982104] HypothesisGenerator ACTIVATED for payload: {'topic': 'Action taken for تحليل المتطلبات وصياغة...
[2026-01-16 20:40:56.511930] HypothesisGenerator ACTIVATED for payload: {'topic': 'Action taken for تحليل المتطلبات وصياغة...
[2026-01-16 20:40:58.065549] HypothesisGenerator ACTIVATED for payload: {'topic': 'Action taken for تحليل المتطلبات وصياغة...
[2026-01-16 20:41:13.662324] HypothesisGenerator ACTIVATED for payload: {'topic': 'Action taken for تحليل المتطلبات وصياغة...
[2026-01-16 20:41:15.375066] HypothesisGenerator ACTIVATED for payload: {'topic': 'Action taken for تحليل المتطلبات وصياغة...
[2026-01-16 20:41:16.912384] HypothesisGenerator ACTIVATED for payload: {'topic': 'Action taken for تحليل المتطلبات وصياغة...
[2026-01-16 20:41:18.429436] HypothesisGenerator ACTIVATED for payload: {'topic': 'Action taken for تحليل المتطلبات وصياغة...
[2026-01-16 20:41:19.963447] HypothesisGenerator ACTIVATED for payload: {'topic': 'Action taken for تحليل المتطلبات وصياغة...
[2026-01-16 20:41:44.830489] HypothesisGenerator ACTIVATED for payload: {'topic': 'Action taken for تحليل المتطلبات وصياغة...
[2026-01-16 20:41:46.521455] HypothesisGenerator ACTIVATED for payload: {'topic': 'Action taken for تحليل المتطلبات وصياغة...
[2026-01-16 20:41:48.105619] HypothesisGenerator ACTIVATED for payload: {'topic': 'Action taken for تحليل المتطلبات وصياغة...
[2026-01-16 20:41:49.655077] HypothesisGenerator ACTIVATED for payload: {'topic': 'Action taken for تحليل المتطلبات وصياغة...
[2026-01-16 20:41:51.307814] HypothesisGenerator ACTIVATED for payload: {'topic': 'Action taken for تحليل المتطلبات وصياغة...
[2026-01-16 20:42:03.160811] HypothesisGenerator ACTIVATED for payload: {'topic': 'Action taken for تحليل المتطلبات وصياغة...
[2026-01-16 20:42:04.783165] HypothesisGenerator ACTIVATED for payload: {'topic': 'Action taken for تحليل المتطلبات وصياغة...
[2026-01-16 20:42:06.362679] HypothesisGenerator ACTIVATED for payload: {'topic': 'Action taken for تحليل المتطلبات وصياغة...
[2026-01-16 20:42:07.951452] HypothesisGenerator ACTIVATED for payload: {'topic': 'Action taken for تحليل المتطلبات وصياغة...
[2026-01-16 20:42:09.537433] HypothesisGenerator ACTIVATED for payload: {'topic': 'Action taken for تحليل المتطلبات وصياغة...
[2026-01-16 20:42:29.525242] HypothesisGenerator ACTIVATED for payload: {'topic': 'Action taken for تحليل المتطلبات وصياغة...
[2026-01-16 20:42:31.134179] HypothesisGenerator ACTIVATED for payload: {'topic': 'Action taken for تحليل المتطلبات وصياغة...
[2026-01-16 20:42:32.651991] HypothesisGenerator ACTIVATED for payload: {'topic': 'Action taken for تحليل المتطلبات وصياغة...
[2026-01-16 20:42:34.227798] HypothesisGenerator ACTIVATED for payload: {'topic': 'Action taken for تحليل المتطلبات وصياغة...
[2026-01-16 20:42:35.804642] HypothesisGenerator ACTIVATED for payload: {'topic': 'Action taken for تحليل المتطلبات وصياغة...
[2026-01-16 20:42:54.914295] HypothesisGenerator ACTIVATED for payload: {'topic': 'Action taken for تحليل المتطلبات وصياغة...
[2026-01-16 20:42:56.546457] HypothesisGenerator ACTIVATED for payload: {'topic': 'Action taken for تحليل المتطلبات وصياغة...
[2026-01-16 20:42:58.073300] HypothesisGenerator ACTIVATED for payload: {'topic': 'Action taken for تحليل المتطلبات وصياغة...
[2026-01-16 20:42:59.619998] HypothesisGenerator ACTIVATED for payload: {'topic': 'Action taken for تحليل المتطلبات وصياغة...
[2026-01-16 20:43:01.153594] HypothesisGenerator ACTIVATED for payload: {'topic': 'Action taken for تحليل المتطلبات وصياغة...
[2026-01-16 20:43:13.938732] HypothesisGenerator ACTIVATED for payload: {'topic': 'Action taken for تحليل المتطلبات وصياغة...
[2026-01-16 20:43:15.535105] HypothesisGenerator ACTIVATED for payload: {'topic': 'Action taken for تحليل المتطلبات وصياغة...
[2026-01-16 20:43:17.112429] HypothesisGenerator ACTIVATED for payload: {'topic': 'Action taken for تحليل المتطلبات وصياغة...
[2026-01-16 20:43:18.645248] HypothesisGenerator ACTIVATED for payload: {'topic': 'Action taken for تحليل المتطلبات وصياغة...
[2026-01-16 20:43:20.105293] HypothesisGenerator ACTIVATED for payload: {'topic': 'Action taken for تحليل المتطلبات وصياغة...
[2026-01-16 20:43:36.663512] HypothesisGenerator ACTIVATED for payload: {'topic': 'Action taken for تحليل المتطلبات وصياغة...
[2026-01-16 20:43:38.301695] HypothesisGenerator ACTIVATED for payload: {'topic': 'Action taken for تحليل المتطلبات وصياغة...
[2026-01-16 20:43:39.795490] HypothesisGenerator ACTIVATED for payload: {'topic': 'Action taken for تحليل المتطلبات وصياغة...
[2026-01-16 20:43:41.316101] HypothesisGenerator ACTIVATED for payload: {'topic': 'Action taken for تحليل المتطلبات وصياغة...
[2026-01-16 20:43:42.849811] HypothesisGenerator ACTIVATED for payload: {'topic': 'Action taken for تحليل المتطلبات وصياغة...
[2026-01-16 20:44:00.140830] HypothesisGenerator ACTIVATED for payload: {'topic': 'Action taken for تحليل المتطلبات وصياغة...
[2026-01-16 20:44:01.619033] HypothesisGenerator ACTIVATED for payload: {'topic': 'Action taken for تحليل المتطلبات وصياغة...
[2026-01-16 20:44:03.116812] HypothesisGenerator ACTIVATED for payload: {'topic': 'Action taken for تحليل المتطلبات وصياغة...
[2026-01-16 20:44:04.631628] HypothesisGenerator ACTIVATED for payload: {'topic': 'Action taken for تحليل المتطلبات وصياغة...
[2026-01-16 20:44:06.165497] HypothesisGenerator ACTIVATED for payload: {'topic': 'Action taken for تحليل المتطلبات وصياغة...
[2026-01-16 20:44:26.951784] HypothesisGenerator ACTIVATED for payload: {'topic': 'Action taken for تحليل المتطلبات وصياغة...
[2026-01-16 20:44:28.676588] HypothesisGenerator ACTIVATED for payload: {'topic': 'Action taken for تحليل المتطلبات وصياغة...
[2026-01-16 20:44:30.293421] HypothesisGenerator ACTIVATED for payload: {'topic': 'Action taken for تحليل المتطلبات وصياغة...
[2026-01-16 20:44:31.873807] HypothesisGenerator ACTIVATED for payload: {'topic': 'Action taken for تحليل المتطلبات وصياغة...
[2026-01-16 20:44:33.479544] HypothesisGenerator ACTIVATED for payload: {'topic': 'Action taken for تحليل المتطلبات وصياغة...
[2026-01-16 20:44:46.066277] HypothesisGenerator ACTIVATED for payload: {'topic': 'Action taken for تحليل المتطلبات وصياغة...
[2026-01-16 20:44:47.583414] HypothesisGenerator ACTIVATED for payload: {'topic': 'Action taken for تحليل المتطلبات وصياغة...
[2026-01-16 20:44:49.105899] HypothesisGenerator ACTIVATED for payload: {'topic': 'Action taken for تحليل المتطلبات وصياغة...
[2026-01-16 20:44:50.642872] HypothesisGenerator ACTIVATED for payload: {'topic': 'Action taken for تحليل المتطلبات وصياغة...
[2026-01-16 20:44:52.233334] HypothesisGenerator ACTIVATED for payload: {'topic': 'Action taken for تحليل المتطلبات وصياغة...
[2026-01-16 20:45:14.334656] HypothesisGenerator ACTIVATED for payload: {'topic': 'Action taken for تحليل المتطلبات وصياغة...
[2026-01-16 20:45:15.927570] HypothesisGenerator ACTIVATED for payload: {'topic': 'Action taken for تحليل المتطلبات وصياغة...
[2026-01-16 20:45:17.489740] HypothesisGenerator ACTIVATED for payload: {'topic': 'Action taken for تحليل المتطلبات وصياغة...
[2026-01-16 20:45:19.021807] HypothesisGenerator ACTIVATED for payload: {'topic': 'Action taken for تحليل المتطلبات وصياغة...
[2026-01-16 20:45:20.619676] HypothesisGenerator ACTIVATED for payload: {'topic': 'Action taken for تحليل المتطلبات وصياغة...
[2026-01-16 20:45:34.233607] HypothesisGenerator ACTIVATED for payload: {'topic': 'Action taken for تحليل المتطلبات وصياغة...
[2026-01-16 20:45:35.863920] HypothesisGenerator ACTIVATED for payload: {'topic': 'Action taken for تحليل المتطلبات وصياغة...
[2026-01-16 20:45:37.442716] HypothesisGenerator ACTIVATED for payload: {'topic': 'Action taken for تحليل المتطلبات وصياغة...
[2026-01-16 20:45:38.978488] HypothesisGenerator ACTIVATED for payload: {'topic': 'Action taken for تحليل المتطلبات وصياغة...
[2026-01-16 20:45:40.512489] HypothesisGenerator ACTIVATED for payload: {'topic': 'Action taken for تحليل المتطلبات وصياغة...
[2026-01-16 20:46:12.599670] HypothesisGenerator ACTIVATED for payload: {'topic': 'Action taken for تحليل المتطلبات وصياغة...
[2026-01-16 20:46:14.316864] HypothesisGenerator ACTIVATED for payload: {'topic': 'Action taken for تحليل المتطلبات وصياغة...
[2026-01-16 20:46:15.839142] HypothesisGenerator ACTIVATED for payload: {'topic': 'Action taken for تحليل المتطلبات وصياغة...
[2026-01-16 20:46:17.337821] HypothesisGenerator ACTIVATED for payload: {'topic': 'Action taken for تحليل المتطلبات وصياغة...
[2026-01-16 20:46:18.893328] HypothesisGenerator ACTIVATED for payload: {'topic': 'Action taken for تحليل المتطلبات وصياغة...
[2026-01-16 20:46:58.682305] HypothesisGenerator ACTIVATED for payload: {'topic': 'Action taken for تحليل المتطلبات وصياغة...
[2026-01-16 20:47:00.365674] HypothesisGenerator ACTIVATED for payload: {'topic': 'Action taken for تحليل المتطلبات وصياغة...
[2026-01-16 20:47:01.822049] HypothesisGenerator ACTIVATED for payload: {'topic': 'Action taken for تحليل المتطلبات وصياغة...
[2026-01-16 20:47:03.230135] HypothesisGenerator ACTIVATED for payload: {'topic': 'Action taken for تحليل المتطلبات وصياغة...
[2026-01-16 20:47:04.705327] HypothesisGenerator ACTIVATED for payload: {'topic': 'Action taken for تحليل المتطلبات وصياغة...
[2026-01-16 20:47:51.464690] HypothesisGenerator ACTIVATED for payload: {'topic': 'Action taken for تحليل المتطلبات وصياغة...
[2026-01-16 20:47:53.139970] HypothesisGenerator ACTIVATED for payload: {'topic': 'Action taken for تحليل المتطلبات وصياغة...
[2026-01-16 20:47:54.669916] HypothesisGenerator ACTIVATED for payload: {'topic': 'Action taken for تحليل المتطلبات وصياغة...
[2026-01-16 20:47:56.213761] HypothesisGenerator ACTIVATED for payload: {'topic': 'Action taken for تحليل المتطلبات وصياغة...
[2026-01-16 20:47:57.713808] HypothesisGenerator ACTIVATED for payload: {'topic': 'Action taken for تحليل المتطلبات وصياغة...
[2026-01-16 20:48:42.230089] HypothesisGenerator ACTIVATED for payload: {'topic': 'Action taken for تحليل المتطلبات وصياغة...
[2026-01-16 20:48:43.696062] HypothesisGenerator ACTIVATED for payload: {'topic': 'Action taken for تحليل المتطلبات وصياغة...
[2026-01-16 20:48:45.187824] HypothesisGenerator ACTIVATED for payload: {'topic': 'Action taken for تحليل المتطلبات وصياغة...
[2026-01-16 20:48:46.634338] HypothesisGenerator ACTIVATED for payload: {'topic': 'Action taken for تحليل المتطلبات وصياغة...
[2026-01-16 20:48:48.119262] HypothesisGenerator ACTIVATED for payload: {'topic': 'Action taken for تحليل المتطلبات وصياغة...
[2026-01-16 20:49:27.138579] HypothesisGenerator ACTIVATED for payload: {'topic': 'Action taken for تحليل المتطلبات وصياغة...
[2026-01-16 20:49:28.721260] HypothesisGenerator ACTIVATED for payload: {'topic': 'Action taken for تحليل المتطلبات وصياغة...
[2026-01-16 20:49:30.247232] HypothesisGenerator ACTIVATED for payload: {'topic': 'Action taken for تحليل المتطلبات وصياغة...
[2026-01-16 20:49:31.809146] HypothesisGenerator ACTIVATED for payload: {'topic': 'Action taken for تحليل المتطلبات وصياغة...
[2026-01-16 20:49:33.377033] HypothesisGenerator ACTIVATED for payload: {'topic': 'Action taken for تحليل المتطلبات وصياغة...
[2026-01-16 21:02:25.021568] HypothesisGenerator ACTIVATED for payload: {'topic': 'Action taken for تحليل المتطلبات وصياغة...
[2026-01-16 21:02:26.677373] HypothesisGenerator ACTIVATED for payload: {'topic': 'Action taken for تحليل المتطلبات وصياغة...
[2026-01-16 21:02:28.162199] HypothesisGenerator ACTIVATED for payload: {'topic': 'Action taken for تحليل المتطلبات وصياغة...
[2026-01-16 21:02:29.596931] HypothesisGenerator ACTIVATED for payload: {'topic': 'Action taken for تحليل المتطلبات وصياغة...
[2026-01-16 21:02:31.061278] HypothesisGenerator ACTIVATED for payload: {'topic': 'Action taken for تحليل المتطلبات وصياغة...
[2026-01-16 21:02:47.464231] HypothesisGenerator ACTIVATED for payload: {'topic': 'Action taken for تحليل المتطلبات وصياغة...
[2026-01-16 21:02:49.140312] HypothesisGenerator ACTIVATED for payload: {'topic': 'Action taken for تحليل المتطلبات وصياغة...
[2026-01-16 21:02:50.819496] HypothesisGenerator ACTIVATED for payload: {'topic': 'Action taken for تحليل المتطلبات وصياغة...
[2026-01-16 21:02:52.661443] HypothesisGenerator ACTIVATED for payload: {'topic': 'Action taken for تحليل المتطلبات وصياغة...
[2026-01-16 21:02:54.284274] HypothesisGenerator ACTIVATED for payload: {'topic': 'Action taken for تحليل المتطلبات وصياغة...
[2026-01-16 21:03:09.559684] HypothesisGenerator ACTIVATED for payload: {'topic': 'Action taken for تحليل المتطلبات وصياغة...
[2026-01-16 21:03:11.175775] HypothesisGenerator ACTIVATED for payload: {'topic': 'Action taken for تحليل المتطلبات وصياغة...
[2026-01-16 21:03:12.838903] HypothesisGenerator ACTIVATED for payload: {'topic': 'Action taken for تحليل المتطلبات وصياغة...
[2026-01-16 21:03:14.372309] HypothesisGenerator ACTIVATED for payload: {'topic': 'Action taken for تحليل المتطلبات وصياغة...
[2026-01-16 21:03:15.904789] HypothesisGenerator ACTIVATED for payload: {'topic': 'Action taken for تحليل المتطلبات وصياغة...
[2026-01-16 21:03:36.951493] HypothesisGenerator ACTIVATED for payload: {'topic': 'Action taken for تحليل المتطلبات وصياغة...
[2026-01-16 21:03:38.694345] HypothesisGenerator ACTIVATED for payload: {'topic': 'Action taken for تحليل المتطلبات وصياغة...
[2026-01-16 21:03:40.278136] HypothesisGenerator ACTIVATED for payload: {'topic': 'Action taken for تحليل المتطلبات وصياغة...
[2026-01-16 21:03:41.906808] HypothesisGenerator ACTIVATED for payload: {'topic': 'Action taken for تحليل المتطلبات وصياغة...
[2026-01-16 21:03:43.717326] HypothesisGenerator ACTIVATED for payload: {'topic': 'Action taken for تحليل المتطلبات وصياغة...
[2026-01-16 21:03:57.110925] HypothesisGenerator ACTIVATED for payload: {'topic': 'Action taken for تحليل المتطلبات وصياغة...
[2026-01-16 21:03:58.849432] HypothesisGenerator ACTIVATED for payload: {'topic': 'Action taken for تحليل المتطلبات وصياغة...
[2026-01-16 21:04:00.595549] HypothesisGenerator ACTIVATED for payload: {'topic': 'Action taken for تحليل المتطلبات وصياغة...
[2026-01-16 21:04:02.241331] HypothesisGenerator ACTIVATED for payload: {'topic': 'Action taken for تحليل المتطلبات وصياغة...
[2026-01-16 21:04:03.772254] HypothesisGenerator ACTIVATED for payload: {'topic': 'Action taken for تحليل المتطلبات وصياغة...
[2026-01-16 21:04:36.803615] HypothesisGenerator ACTIVATED for payload: {'topic': 'Action taken for تحليل المتطلبات وصياغة...
[2026-01-16 21:04:38.431726] HypothesisGenerator ACTIVATED for payload: {'topic': 'Action taken for تحليل المتطلبات وصياغة...
[2026-01-16 21:04:39.982539] HypothesisGenerator ACTIVATED for payload: {'topic': 'Action taken for تحليل المتطلبات وصياغة...
[2026-01-16 21:04:41.516514] HypothesisGenerator ACTIVATED for payload: {'topic': 'Action taken for تحليل المتطلبات وصياغة...
[2026-01-16 21:04:43.018717] HypothesisGenerator ACTIVATED for payload: {'topic': 'Action taken for تحليل المتطلبات وصياغة...
[2026-01-16 21:05:01.606697] HypothesisGenerator ACTIVATED for payload: {'topic': 'Action taken for تحليل المتطلبات وصياغة...
[2026-01-16 21:05:03.275606] HypothesisGenerator ACTIVATED for payload: {'topic': 'Action taken for تحليل المتطلبات وصياغة...
[2026-01-16 21:05:04.733581] HypothesisGenerator ACTIVATED for payload: {'topic': 'Action taken for تحليل المتطلبات وصياغة...
[2026-01-16 21:05:06.226134] HypothesisGenerator ACTIVATED for payload: {'topic': 'Action taken for تحليل المتطلبات وصياغة...
[2026-01-16 21:05:07.766215] HypothesisGenerator ACTIVATED for payload: {'topic': 'Action taken for تحليل المتطلبات وصياغة...
[2026-01-16 21:05:23.460310] HypothesisGenerator ACTIVATED for payload: {'topic': 'Action taken for تحليل المتطلبات وصياغة...
[2026-01-16 21:05:25.103238] HypothesisGenerator ACTIVATED for payload: {'topic': 'Action taken for تحليل المتطلبات وصياغة...
[2026-01-16 21:05:26.807240] HypothesisGenerator ACTIVATED for payload: {'topic': 'Action taken for تحليل المتطلبات وصياغة...
[2026-01-16 21:05:28.560278] HypothesisGenerator ACTIVATED for payload: {'topic': 'Action taken for تحليل المتطلبات وصياغة...
[2026-01-16 21:05:30.407378] HypothesisGenerator ACTIVATED for payload: {'topic': 'Action taken for تحليل المتطلبات وصياغة...
[2026-01-16 21:05:32.917526] HypothesisGenerator ACTIVATED for payload: {'topic': 'Action taken for تحليل المتطلبات وصياغة...
[2026-01-16 21:05:34.491453] HypothesisGenerator ACTIVATED for payload: {'topic': 'Action taken for تحليل المتطلبات وصياغة...
[2026-01-16 21:05:36.062290] HypothesisGenerator ACTIVATED for payload: {'topic': 'Action taken for تحليل المتطلبات وصياغة...
[2026-01-16 21:05:37.521686] HypothesisGenerator ACTIVATED for payload: {'topic': 'Action taken for تحليل المتطلبات وصياغة...
[2026-01-16 21:05:39.025341] HypothesisGenerator ACTIVATED for payload: {'topic': 'Action taken for تحليل المتطلبات وصياغة...
[2026-01-16 21:06:09.108856] HypothesisGenerator ACTIVATED for payload: {'topic': 'Action taken for تحليل المتطلبات وصياغة...
[2026-01-16 21:06:10.899925] HypothesisGenerator ACTIVATED for payload: {'topic': 'Action taken for تحليل المتطلبات وصياغة...
[2026-01-16 21:06:12.599563] HypothesisGenerator ACTIVATED for payload: {'topic': 'Action taken for تحليل المتطلبات وصياغة...
[2026-01-16 21:06:14.315830] HypothesisGenerator ACTIVATED for payload: {'topic': 'Action taken for تحليل المتطلبات وصياغة...
[2026-01-16 21:06:15.921438] HypothesisGenerator ACTIVATED for payload: {'topic': 'Action taken for تحليل المتطلبات وصياغة...
[2026-01-16 21:06:26.194866] HypothesisGenerator ACTIVATED for payload: {'topic': 'Action taken for تحليل المتطلبات وصياغة...
[2026-01-16 21:06:27.727929] HypothesisGenerator ACTIVATED for payload: {'topic': 'Action taken for تحليل المتطلبات وصياغة...
[2026-01-16 21:06:29.325300] HypothesisGenerator ACTIVATED for payload: {'topic': 'Action taken for تحليل المتطلبات وصياغة...
[2026-01-16 21:06:30.949387] HypothesisGenerator ACTIVATED for payload: {'topic': 'Action taken for تحليل المتطلبات وصياغة...
[2026-01-16 21:06:32.583891] HypothesisGenerator ACTIVATED for payload: {'topic': 'Action taken for تحليل المتطلبات وصياغة...
[2026-01-16 21:06:48.076624] HypothesisGenerator ACTIVATED for payload: {'topic': 'Action taken for تحليل المتطلبات وصياغة...
[2026-01-16 21:06:49.547588] HypothesisGenerator ACTIVATED for payload: {'topic': 'Action taken for تحليل المتطلبات وصياغة...
[2026-01-16 21:06:51.054316] HypothesisGenerator ACTIVATED for payload: {'topic': 'Action taken for تحليل المتطلبات وصياغة...
[2026-01-16 21:35:06.662915] HypothesisGenerator ACTIVATED for payload: {'topic': 'Action taken for تحليل المتطلبات وصياغة...
[2026-01-16 21:36:12.262523] HypothesisGenerator ACTIVATED for payload: {'topic': 'Action taken for تحليل المتطلبات وصياغة...
[2026-01-16 22:41:18.720193] HypothesisGenerator ACTIVATED for payload: {'topic': 'Action taken for تحليل المتطلبات وصياغة...
[2026-01-16 22:44:55.220519] HypothesisGenerator ACTIVATED for payload: {'topic': 'Action taken for تحليل المتطلبات وصياغة...
